2015-03-26T18:48:38+01:00 CRIT (2): exception 'Zend\View\Exception\RuntimeException' with message 'Zend\View\Renderer\PhpRenderer::render: Unable to render template "cms-ir/system/create-thumb"; resolver could not resolve to a file' in I:\przedszkole\vendor\zendframework\zendframework\library\Zend\View\Renderer\PhpRenderer.php:498
Stack trace:
#0 I:\przedszkole\vendor\zendframework\zendframework\library\Zend\View\View.php(205): Zend\View\Renderer\PhpRenderer->render(Object(Zend\View\Model\ViewModel))
#1 I:\przedszkole\vendor\zendframework\zendframework\library\Zend\View\View.php(233): Zend\View\View->render(Object(Zend\View\Model\ViewModel))
#2 I:\przedszkole\vendor\zendframework\zendframework\library\Zend\View\View.php(198): Zend\View\View->renderChildren(Object(Zend\View\Model\ViewModel))
#3 I:\przedszkole\vendor\zendframework\zendframework\library\Zend\Mvc\View\Http\DefaultRenderingStrategy.php(103): Zend\View\View->render(Object(Zend\View\Model\ViewModel))
#4 [internal function]: Zend\Mvc\View\Http\DefaultRenderingStrategy->render(Object(Zend\Mvc\MvcEvent))
#5 I:\przedszkole\vendor\zendframework\zendframework\library\Zend\EventManager\EventManager.php(468): call_user_func(Array, Object(Zend\Mvc\MvcEvent))
#6 I:\przedszkole\vendor\zendframework\zendframework\library\Zend\EventManager\EventManager.php(207): Zend\EventManager\EventManager->triggerListeners('render', Object(Zend\Mvc\MvcEvent), Array)
#7 I:\przedszkole\vendor\zendframework\zendframework\library\Zend\Mvc\Application.php(352): Zend\EventManager\EventManager->trigger('render', Object(Zend\Mvc\MvcEvent))
#8 I:\przedszkole\vendor\zendframework\zendframework\library\Zend\Mvc\Application.php(327): Zend\Mvc\Application->completeRequest(Object(Zend\Mvc\MvcEvent))
#9 I:\przedszkole\public\index.php(17): Zend\Mvc\Application->run()
#10 {main}
2015-03-26T18:48:38+01:00 CRIT (2): exception 'Zend\View\Exception\RuntimeException' with message 'Zend\View\Renderer\PhpRenderer::render: Unable to render template "cms-ir/system/create-thumb"; resolver could not resolve to a file' in I:\przedszkole\vendor\zendframework\zendframework\library\Zend\View\Renderer\PhpRenderer.php:498
Stack trace:
#0 I:\przedszkole\vendor\zendframework\zendframework\library\Zend\View\View.php(205): Zend\View\Renderer\PhpRenderer->render(Object(Zend\View\Model\ViewModel))
#1 I:\przedszkole\vendor\zendframework\zendframework\library\Zend\View\View.php(233): Zend\View\View->render(Object(Zend\View\Model\ViewModel))
#2 I:\przedszkole\vendor\zendframework\zendframework\library\Zend\View\View.php(198): Zend\View\View->renderChildren(Object(Zend\View\Model\ViewModel))
#3 I:\przedszkole\vendor\zendframework\zendframework\library\Zend\Mvc\View\Http\DefaultRenderingStrategy.php(103): Zend\View\View->render(Object(Zend\View\Model\ViewModel))
#4 [internal function]: Zend\Mvc\View\Http\DefaultRenderingStrategy->render(Object(Zend\Mvc\MvcEvent))
#5 I:\przedszkole\vendor\zendframework\zendframework\library\Zend\EventManager\EventManager.php(468): call_user_func(Array, Object(Zend\Mvc\MvcEvent))
#6 I:\przedszkole\vendor\zendframework\zendframework\library\Zend\EventManager\EventManager.php(207): Zend\EventManager\EventManager->triggerListeners('render', Object(Zend\Mvc\MvcEvent), Array)
#7 I:\przedszkole\vendor\zendframework\zendframework\library\Zend\Mvc\Application.php(352): Zend\EventManager\EventManager->trigger('render', Object(Zend\Mvc\MvcEvent))
#8 I:\przedszkole\vendor\zendframework\zendframework\library\Zend\Mvc\Application.php(327): Zend\Mvc\Application->completeRequest(Object(Zend\Mvc\MvcEvent))
#9 I:\przedszkole\public\index.php(17): Zend\Mvc\Application->run()
#10 {main}
2015-03-26T18:48:39+01:00 CRIT (2): exception 'Zend\View\Exception\RuntimeException' with message 'Zend\View\Renderer\PhpRenderer::render: Unable to render template "cms-ir/system/create-thumb"; resolver could not resolve to a file' in I:\przedszkole\vendor\zendframework\zendframework\library\Zend\View\Renderer\PhpRenderer.php:498
Stack trace:
#0 I:\przedszkole\vendor\zendframework\zendframework\library\Zend\View\View.php(205): Zend\View\Renderer\PhpRenderer->render(Object(Zend\View\Model\ViewModel))
#1 I:\przedszkole\vendor\zendframework\zendframework\library\Zend\View\View.php(233): Zend\View\View->render(Object(Zend\View\Model\ViewModel))
#2 I:\przedszkole\vendor\zendframework\zendframework\library\Zend\View\View.php(198): Zend\View\View->renderChildren(Object(Zend\View\Model\ViewModel))
#3 I:\przedszkole\vendor\zendframework\zendframework\library\Zend\Mvc\View\Http\DefaultRenderingStrategy.php(103): Zend\View\View->render(Object(Zend\View\Model\ViewModel))
#4 [internal function]: Zend\Mvc\View\Http\DefaultRenderingStrategy->render(Object(Zend\Mvc\MvcEvent))
#5 I:\przedszkole\vendor\zendframework\zendframework\library\Zend\EventManager\EventManager.php(468): call_user_func(Array, Object(Zend\Mvc\MvcEvent))
#6 I:\przedszkole\vendor\zendframework\zendframework\library\Zend\EventManager\EventManager.php(207): Zend\EventManager\EventManager->triggerListeners('render', Object(Zend\Mvc\MvcEvent), Array)
#7 I:\przedszkole\vendor\zendframework\zendframework\library\Zend\Mvc\Application.php(352): Zend\EventManager\EventManager->trigger('render', Object(Zend\Mvc\MvcEvent))
#8 I:\przedszkole\vendor\zendframework\zendframework\library\Zend\Mvc\Application.php(327): Zend\Mvc\Application->completeRequest(Object(Zend\Mvc\MvcEvent))
#9 I:\przedszkole\public\index.php(17): Zend\Mvc\Application->run()
#10 {main}
2015-03-26T18:48:40+01:00 CRIT (2): exception 'Zend\View\Exception\RuntimeException' with message 'Zend\View\Renderer\PhpRenderer::render: Unable to render template "cms-ir/system/create-thumb"; resolver could not resolve to a file' in I:\przedszkole\vendor\zendframework\zendframework\library\Zend\View\Renderer\PhpRenderer.php:498
Stack trace:
#0 I:\przedszkole\vendor\zendframework\zendframework\library\Zend\View\View.php(205): Zend\View\Renderer\PhpRenderer->render(Object(Zend\View\Model\ViewModel))
#1 I:\przedszkole\vendor\zendframework\zendframework\library\Zend\View\View.php(233): Zend\View\View->render(Object(Zend\View\Model\ViewModel))
#2 I:\przedszkole\vendor\zendframework\zendframework\library\Zend\View\View.php(198): Zend\View\View->renderChildren(Object(Zend\View\Model\ViewModel))
#3 I:\przedszkole\vendor\zendframework\zendframework\library\Zend\Mvc\View\Http\DefaultRenderingStrategy.php(103): Zend\View\View->render(Object(Zend\View\Model\ViewModel))
#4 [internal function]: Zend\Mvc\View\Http\DefaultRenderingStrategy->render(Object(Zend\Mvc\MvcEvent))
#5 I:\przedszkole\vendor\zendframework\zendframework\library\Zend\EventManager\EventManager.php(468): call_user_func(Array, Object(Zend\Mvc\MvcEvent))
#6 I:\przedszkole\vendor\zendframework\zendframework\library\Zend\EventManager\EventManager.php(207): Zend\EventManager\EventManager->triggerListeners('render', Object(Zend\Mvc\MvcEvent), Array)
#7 I:\przedszkole\vendor\zendframework\zendframework\library\Zend\Mvc\Application.php(352): Zend\EventManager\EventManager->trigger('render', Object(Zend\Mvc\MvcEvent))
#8 I:\przedszkole\vendor\zendframework\zendframework\library\Zend\Mvc\Application.php(327): Zend\Mvc\Application->completeRequest(Object(Zend\Mvc\MvcEvent))
#9 I:\przedszkole\public\index.php(17): Zend\Mvc\Application->run()
#10 {main}
2015-03-26T18:48:40+01:00 CRIT (2): exception 'Zend\View\Exception\RuntimeException' with message 'Zend\View\Renderer\PhpRenderer::render: Unable to render template "cms-ir/system/create-thumb"; resolver could not resolve to a file' in I:\przedszkole\vendor\zendframework\zendframework\library\Zend\View\Renderer\PhpRenderer.php:498
Stack trace:
#0 I:\przedszkole\vendor\zendframework\zendframework\library\Zend\View\View.php(205): Zend\View\Renderer\PhpRenderer->render(Object(Zend\View\Model\ViewModel))
#1 I:\przedszkole\vendor\zendframework\zendframework\library\Zend\View\View.php(233): Zend\View\View->render(Object(Zend\View\Model\ViewModel))
#2 I:\przedszkole\vendor\zendframework\zendframework\library\Zend\View\View.php(198): Zend\View\View->renderChildren(Object(Zend\View\Model\ViewModel))
#3 I:\przedszkole\vendor\zendframework\zendframework\library\Zend\Mvc\View\Http\DefaultRenderingStrategy.php(103): Zend\View\View->render(Object(Zend\View\Model\ViewModel))
#4 [internal function]: Zend\Mvc\View\Http\DefaultRenderingStrategy->render(Object(Zend\Mvc\MvcEvent))
#5 I:\przedszkole\vendor\zendframework\zendframework\library\Zend\EventManager\EventManager.php(468): call_user_func(Array, Object(Zend\Mvc\MvcEvent))
#6 I:\przedszkole\vendor\zendframework\zendframework\library\Zend\EventManager\EventManager.php(207): Zend\EventManager\EventManager->triggerListeners('render', Object(Zend\Mvc\MvcEvent), Array)
#7 I:\przedszkole\vendor\zendframework\zendframework\library\Zend\Mvc\Application.php(352): Zend\EventManager\EventManager->trigger('render', Object(Zend\Mvc\MvcEvent))
#8 I:\przedszkole\vendor\zendframework\zendframework\library\Zend\Mvc\Application.php(327): Zend\Mvc\Application->completeRequest(Object(Zend\Mvc\MvcEvent))
#9 I:\przedszkole\public\index.php(17): Zend\Mvc\Application->run()
#10 {main}
2015-03-26T18:48:41+01:00 CRIT (2): exception 'Zend\View\Exception\RuntimeException' with message 'Zend\View\Renderer\PhpRenderer::render: Unable to render template "cms-ir/system/create-thumb"; resolver could not resolve to a file' in I:\przedszkole\vendor\zendframework\zendframework\library\Zend\View\Renderer\PhpRenderer.php:498
Stack trace:
#0 I:\przedszkole\vendor\zendframework\zendframework\library\Zend\View\View.php(205): Zend\View\Renderer\PhpRenderer->render(Object(Zend\View\Model\ViewModel))
#1 I:\przedszkole\vendor\zendframework\zendframework\library\Zend\View\View.php(233): Zend\View\View->render(Object(Zend\View\Model\ViewModel))
#2 I:\przedszkole\vendor\zendframework\zendframework\library\Zend\View\View.php(198): Zend\View\View->renderChildren(Object(Zend\View\Model\ViewModel))
#3 I:\przedszkole\vendor\zendframework\zendframework\library\Zend\Mvc\View\Http\DefaultRenderingStrategy.php(103): Zend\View\View->render(Object(Zend\View\Model\ViewModel))
#4 [internal function]: Zend\Mvc\View\Http\DefaultRenderingStrategy->render(Object(Zend\Mvc\MvcEvent))
#5 I:\przedszkole\vendor\zendframework\zendframework\library\Zend\EventManager\EventManager.php(468): call_user_func(Array, Object(Zend\Mvc\MvcEvent))
#6 I:\przedszkole\vendor\zendframework\zendframework\library\Zend\EventManager\EventManager.php(207): Zend\EventManager\EventManager->triggerListeners('render', Object(Zend\Mvc\MvcEvent), Array)
#7 I:\przedszkole\vendor\zendframework\zendframework\library\Zend\Mvc\Application.php(352): Zend\EventManager\EventManager->trigger('render', Object(Zend\Mvc\MvcEvent))
#8 I:\przedszkole\vendor\zendframework\zendframework\library\Zend\Mvc\Application.php(327): Zend\Mvc\Application->completeRequest(Object(Zend\Mvc\MvcEvent))
#9 I:\przedszkole\public\index.php(17): Zend\Mvc\Application->run()
#10 {main}
2015-03-26T18:48:41+01:00 CRIT (2): exception 'Zend\View\Exception\RuntimeException' with message 'Zend\View\Renderer\PhpRenderer::render: Unable to render template "cms-ir/system/create-thumb"; resolver could not resolve to a file' in I:\przedszkole\vendor\zendframework\zendframework\library\Zend\View\Renderer\PhpRenderer.php:498
Stack trace:
#0 I:\przedszkole\vendor\zendframework\zendframework\library\Zend\View\View.php(205): Zend\View\Renderer\PhpRenderer->render(Object(Zend\View\Model\ViewModel))
#1 I:\przedszkole\vendor\zendframework\zendframework\library\Zend\View\View.php(233): Zend\View\View->render(Object(Zend\View\Model\ViewModel))
#2 I:\przedszkole\vendor\zendframework\zendframework\library\Zend\View\View.php(198): Zend\View\View->renderChildren(Object(Zend\View\Model\ViewModel))
#3 I:\przedszkole\vendor\zendframework\zendframework\library\Zend\Mvc\View\Http\DefaultRenderingStrategy.php(103): Zend\View\View->render(Object(Zend\View\Model\ViewModel))
#4 [internal function]: Zend\Mvc\View\Http\DefaultRenderingStrategy->render(Object(Zend\Mvc\MvcEvent))
#5 I:\przedszkole\vendor\zendframework\zendframework\library\Zend\EventManager\EventManager.php(468): call_user_func(Array, Object(Zend\Mvc\MvcEvent))
#6 I:\przedszkole\vendor\zendframework\zendframework\library\Zend\EventManager\EventManager.php(207): Zend\EventManager\EventManager->triggerListeners('render', Object(Zend\Mvc\MvcEvent), Array)
#7 I:\przedszkole\vendor\zendframework\zendframework\library\Zend\Mvc\Application.php(352): Zend\EventManager\EventManager->trigger('render', Object(Zend\Mvc\MvcEvent))
#8 I:\przedszkole\vendor\zendframework\zendframework\library\Zend\Mvc\Application.php(327): Zend\Mvc\Application->completeRequest(Object(Zend\Mvc\MvcEvent))
#9 I:\przedszkole\public\index.php(17): Zend\Mvc\Application->run()
#10 {main}
2015-03-26T18:48:44+01:00 CRIT (2): exception 'Zend\View\Exception\RuntimeException' with message 'Zend\View\Renderer\PhpRenderer::render: Unable to render template "cms-ir/system/create-thumb"; resolver could not resolve to a file' in I:\przedszkole\vendor\zendframework\zendframework\library\Zend\View\Renderer\PhpRenderer.php:498
Stack trace:
#0 I:\przedszkole\vendor\zendframework\zendframework\library\Zend\View\View.php(205): Zend\View\Renderer\PhpRenderer->render(Object(Zend\View\Model\ViewModel))
#1 I:\przedszkole\vendor\zendframework\zendframework\library\Zend\View\View.php(233): Zend\View\View->render(Object(Zend\View\Model\ViewModel))
#2 I:\przedszkole\vendor\zendframework\zendframework\library\Zend\View\View.php(198): Zend\View\View->renderChildren(Object(Zend\View\Model\ViewModel))
#3 I:\przedszkole\vendor\zendframework\zendframework\library\Zend\Mvc\View\Http\DefaultRenderingStrategy.php(103): Zend\View\View->render(Object(Zend\View\Model\ViewModel))
#4 [internal function]: Zend\Mvc\View\Http\DefaultRenderingStrategy->render(Object(Zend\Mvc\MvcEvent))
#5 I:\przedszkole\vendor\zendframework\zendframework\library\Zend\EventManager\EventManager.php(468): call_user_func(Array, Object(Zend\Mvc\MvcEvent))
#6 I:\przedszkole\vendor\zendframework\zendframework\library\Zend\EventManager\EventManager.php(207): Zend\EventManager\EventManager->triggerListeners('render', Object(Zend\Mvc\MvcEvent), Array)
#7 I:\przedszkole\vendor\zendframework\zendframework\library\Zend\Mvc\Application.php(352): Zend\EventManager\EventManager->trigger('render', Object(Zend\Mvc\MvcEvent))
#8 I:\przedszkole\vendor\zendframework\zendframework\library\Zend\Mvc\Application.php(327): Zend\Mvc\Application->completeRequest(Object(Zend\Mvc\MvcEvent))
#9 I:\przedszkole\public\index.php(17): Zend\Mvc\Application->run()
#10 {main}
2015-03-26T18:48:45+01:00 CRIT (2): exception 'Zend\View\Exception\RuntimeException' with message 'Zend\View\Renderer\PhpRenderer::render: Unable to render template "cms-ir/system/create-thumb"; resolver could not resolve to a file' in I:\przedszkole\vendor\zendframework\zendframework\library\Zend\View\Renderer\PhpRenderer.php:498
Stack trace:
#0 I:\przedszkole\vendor\zendframework\zendframework\library\Zend\View\View.php(205): Zend\View\Renderer\PhpRenderer->render(Object(Zend\View\Model\ViewModel))
#1 I:\przedszkole\vendor\zendframework\zendframework\library\Zend\View\View.php(233): Zend\View\View->render(Object(Zend\View\Model\ViewModel))
#2 I:\przedszkole\vendor\zendframework\zendframework\library\Zend\View\View.php(198): Zend\View\View->renderChildren(Object(Zend\View\Model\ViewModel))
#3 I:\przedszkole\vendor\zendframework\zendframework\library\Zend\Mvc\View\Http\DefaultRenderingStrategy.php(103): Zend\View\View->render(Object(Zend\View\Model\ViewModel))
#4 [internal function]: Zend\Mvc\View\Http\DefaultRenderingStrategy->render(Object(Zend\Mvc\MvcEvent))
#5 I:\przedszkole\vendor\zendframework\zendframework\library\Zend\EventManager\EventManager.php(468): call_user_func(Array, Object(Zend\Mvc\MvcEvent))
#6 I:\przedszkole\vendor\zendframework\zendframework\library\Zend\EventManager\EventManager.php(207): Zend\EventManager\EventManager->triggerListeners('render', Object(Zend\Mvc\MvcEvent), Array)
#7 I:\przedszkole\vendor\zendframework\zendframework\library\Zend\Mvc\Application.php(352): Zend\EventManager\EventManager->trigger('render', Object(Zend\Mvc\MvcEvent))
#8 I:\przedszkole\vendor\zendframework\zendframework\library\Zend\Mvc\Application.php(327): Zend\Mvc\Application->completeRequest(Object(Zend\Mvc\MvcEvent))
#9 I:\przedszkole\public\index.php(17): Zend\Mvc\Application->run()
#10 {main}
2015-03-26T18:48:46+01:00 CRIT (2): exception 'Zend\View\Exception\RuntimeException' with message 'Zend\View\Renderer\PhpRenderer::render: Unable to render template "cms-ir/system/create-thumb"; resolver could not resolve to a file' in I:\przedszkole\vendor\zendframework\zendframework\library\Zend\View\Renderer\PhpRenderer.php:498
Stack trace:
#0 I:\przedszkole\vendor\zendframework\zendframework\library\Zend\View\View.php(205): Zend\View\Renderer\PhpRenderer->render(Object(Zend\View\Model\ViewModel))
#1 I:\przedszkole\vendor\zendframework\zendframework\library\Zend\View\View.php(233): Zend\View\View->render(Object(Zend\View\Model\ViewModel))
#2 I:\przedszkole\vendor\zendframework\zendframework\library\Zend\View\View.php(198): Zend\View\View->renderChildren(Object(Zend\View\Model\ViewModel))
#3 I:\przedszkole\vendor\zendframework\zendframework\library\Zend\Mvc\View\Http\DefaultRenderingStrategy.php(103): Zend\View\View->render(Object(Zend\View\Model\ViewModel))
#4 [internal function]: Zend\Mvc\View\Http\DefaultRenderingStrategy->render(Object(Zend\Mvc\MvcEvent))
#5 I:\przedszkole\vendor\zendframework\zendframework\library\Zend\EventManager\EventManager.php(468): call_user_func(Array, Object(Zend\Mvc\MvcEvent))
#6 I:\przedszkole\vendor\zendframework\zendframework\library\Zend\EventManager\EventManager.php(207): Zend\EventManager\EventManager->triggerListeners('render', Object(Zend\Mvc\MvcEvent), Array)
#7 I:\przedszkole\vendor\zendframework\zendframework\library\Zend\Mvc\Application.php(352): Zend\EventManager\EventManager->trigger('render', Object(Zend\Mvc\MvcEvent))
#8 I:\przedszkole\vendor\zendframework\zendframework\library\Zend\Mvc\Application.php(327): Zend\Mvc\Application->completeRequest(Object(Zend\Mvc\MvcEvent))
#9 I:\przedszkole\public\index.php(17): Zend\Mvc\Application->run()
#10 {main}
2015-03-26T18:48:46+01:00 CRIT (2): exception 'Zend\View\Exception\RuntimeException' with message 'Zend\View\Renderer\PhpRenderer::render: Unable to render template "cms-ir/system/create-thumb"; resolver could not resolve to a file' in I:\przedszkole\vendor\zendframework\zendframework\library\Zend\View\Renderer\PhpRenderer.php:498
Stack trace:
#0 I:\przedszkole\vendor\zendframework\zendframework\library\Zend\View\View.php(205): Zend\View\Renderer\PhpRenderer->render(Object(Zend\View\Model\ViewModel))
#1 I:\przedszkole\vendor\zendframework\zendframework\library\Zend\View\View.php(233): Zend\View\View->render(Object(Zend\View\Model\ViewModel))
#2 I:\przedszkole\vendor\zendframework\zendframework\library\Zend\View\View.php(198): Zend\View\View->renderChildren(Object(Zend\View\Model\ViewModel))
#3 I:\przedszkole\vendor\zendframework\zendframework\library\Zend\Mvc\View\Http\DefaultRenderingStrategy.php(103): Zend\View\View->render(Object(Zend\View\Model\ViewModel))
#4 [internal function]: Zend\Mvc\View\Http\DefaultRenderingStrategy->render(Object(Zend\Mvc\MvcEvent))
#5 I:\przedszkole\vendor\zendframework\zendframework\library\Zend\EventManager\EventManager.php(468): call_user_func(Array, Object(Zend\Mvc\MvcEvent))
#6 I:\przedszkole\vendor\zendframework\zendframework\library\Zend\EventManager\EventManager.php(207): Zend\EventManager\EventManager->triggerListeners('render', Object(Zend\Mvc\MvcEvent), Array)
#7 I:\przedszkole\vendor\zendframework\zendframework\library\Zend\Mvc\Application.php(352): Zend\EventManager\EventManager->trigger('render', Object(Zend\Mvc\MvcEvent))
#8 I:\przedszkole\vendor\zendframework\zendframework\library\Zend\Mvc\Application.php(327): Zend\Mvc\Application->completeRequest(Object(Zend\Mvc\MvcEvent))
#9 I:\przedszkole\public\index.php(17): Zend\Mvc\Application->run()
#10 {main}
2015-03-26T18:48:47+01:00 CRIT (2): exception 'Zend\View\Exception\RuntimeException' with message 'Zend\View\Renderer\PhpRenderer::render: Unable to render template "cms-ir/system/create-thumb"; resolver could not resolve to a file' in I:\przedszkole\vendor\zendframework\zendframework\library\Zend\View\Renderer\PhpRenderer.php:498
Stack trace:
#0 I:\przedszkole\vendor\zendframework\zendframework\library\Zend\View\View.php(205): Zend\View\Renderer\PhpRenderer->render(Object(Zend\View\Model\ViewModel))
#1 I:\przedszkole\vendor\zendframework\zendframework\library\Zend\View\View.php(233): Zend\View\View->render(Object(Zend\View\Model\ViewModel))
#2 I:\przedszkole\vendor\zendframework\zendframework\library\Zend\View\View.php(198): Zend\View\View->renderChildren(Object(Zend\View\Model\ViewModel))
#3 I:\przedszkole\vendor\zendframework\zendframework\library\Zend\Mvc\View\Http\DefaultRenderingStrategy.php(103): Zend\View\View->render(Object(Zend\View\Model\ViewModel))
#4 [internal function]: Zend\Mvc\View\Http\DefaultRenderingStrategy->render(Object(Zend\Mvc\MvcEvent))
#5 I:\przedszkole\vendor\zendframework\zendframework\library\Zend\EventManager\EventManager.php(468): call_user_func(Array, Object(Zend\Mvc\MvcEvent))
#6 I:\przedszkole\vendor\zendframework\zendframework\library\Zend\EventManager\EventManager.php(207): Zend\EventManager\EventManager->triggerListeners('render', Object(Zend\Mvc\MvcEvent), Array)
#7 I:\przedszkole\vendor\zendframework\zendframework\library\Zend\Mvc\Application.php(352): Zend\EventManager\EventManager->trigger('render', Object(Zend\Mvc\MvcEvent))
#8 I:\przedszkole\vendor\zendframework\zendframework\library\Zend\Mvc\Application.php(327): Zend\Mvc\Application->completeRequest(Object(Zend\Mvc\MvcEvent))
#9 I:\przedszkole\public\index.php(17): Zend\Mvc\Application->run()
#10 {main}
2015-03-26T18:48:47+01:00 CRIT (2): exception 'Zend\View\Exception\RuntimeException' with message 'Zend\View\Renderer\PhpRenderer::render: Unable to render template "cms-ir/system/create-thumb"; resolver could not resolve to a file' in I:\przedszkole\vendor\zendframework\zendframework\library\Zend\View\Renderer\PhpRenderer.php:498
Stack trace:
#0 I:\przedszkole\vendor\zendframework\zendframework\library\Zend\View\View.php(205): Zend\View\Renderer\PhpRenderer->render(Object(Zend\View\Model\ViewModel))
#1 I:\przedszkole\vendor\zendframework\zendframework\library\Zend\View\View.php(233): Zend\View\View->render(Object(Zend\View\Model\ViewModel))
#2 I:\przedszkole\vendor\zendframework\zendframework\library\Zend\View\View.php(198): Zend\View\View->renderChildren(Object(Zend\View\Model\ViewModel))
#3 I:\przedszkole\vendor\zendframework\zendframework\library\Zend\Mvc\View\Http\DefaultRenderingStrategy.php(103): Zend\View\View->render(Object(Zend\View\Model\ViewModel))
#4 [internal function]: Zend\Mvc\View\Http\DefaultRenderingStrategy->render(Object(Zend\Mvc\MvcEvent))
#5 I:\przedszkole\vendor\zendframework\zendframework\library\Zend\EventManager\EventManager.php(468): call_user_func(Array, Object(Zend\Mvc\MvcEvent))
#6 I:\przedszkole\vendor\zendframework\zendframework\library\Zend\EventManager\EventManager.php(207): Zend\EventManager\EventManager->triggerListeners('render', Object(Zend\Mvc\MvcEvent), Array)
#7 I:\przedszkole\vendor\zendframework\zendframework\library\Zend\Mvc\Application.php(352): Zend\EventManager\EventManager->trigger('render', Object(Zend\Mvc\MvcEvent))
#8 I:\przedszkole\vendor\zendframework\zendframework\library\Zend\Mvc\Application.php(327): Zend\Mvc\Application->completeRequest(Object(Zend\Mvc\MvcEvent))
#9 I:\przedszkole\public\index.php(17): Zend\Mvc\Application->run()
#10 {main}
2015-03-26T18:48:48+01:00 CRIT (2): exception 'Zend\View\Exception\RuntimeException' with message 'Zend\View\Renderer\PhpRenderer::render: Unable to render template "cms-ir/system/create-thumb"; resolver could not resolve to a file' in I:\przedszkole\vendor\zendframework\zendframework\library\Zend\View\Renderer\PhpRenderer.php:498
Stack trace:
#0 I:\przedszkole\vendor\zendframework\zendframework\library\Zend\View\View.php(205): Zend\View\Renderer\PhpRenderer->render(Object(Zend\View\Model\ViewModel))
#1 I:\przedszkole\vendor\zendframework\zendframework\library\Zend\View\View.php(233): Zend\View\View->render(Object(Zend\View\Model\ViewModel))
#2 I:\przedszkole\vendor\zendframework\zendframework\library\Zend\View\View.php(198): Zend\View\View->renderChildren(Object(Zend\View\Model\ViewModel))
#3 I:\przedszkole\vendor\zendframework\zendframework\library\Zend\Mvc\View\Http\DefaultRenderingStrategy.php(103): Zend\View\View->render(Object(Zend\View\Model\ViewModel))
#4 [internal function]: Zend\Mvc\View\Http\DefaultRenderingStrategy->render(Object(Zend\Mvc\MvcEvent))
#5 I:\przedszkole\vendor\zendframework\zendframework\library\Zend\EventManager\EventManager.php(468): call_user_func(Array, Object(Zend\Mvc\MvcEvent))
#6 I:\przedszkole\vendor\zendframework\zendframework\library\Zend\EventManager\EventManager.php(207): Zend\EventManager\EventManager->triggerListeners('render', Object(Zend\Mvc\MvcEvent), Array)
#7 I:\przedszkole\vendor\zendframework\zendframework\library\Zend\Mvc\Application.php(352): Zend\EventManager\EventManager->trigger('render', Object(Zend\Mvc\MvcEvent))
#8 I:\przedszkole\vendor\zendframework\zendframework\library\Zend\Mvc\Application.php(327): Zend\Mvc\Application->completeRequest(Object(Zend\Mvc\MvcEvent))
#9 I:\przedszkole\public\index.php(17): Zend\Mvc\Application->run()
#10 {main}
2015-03-26T19:03:15+01:00 CRIT (2): exception 'Zend\View\Exception\RuntimeException' with message 'Zend\View\Renderer\PhpRenderer::render: Unable to render template "cms-ir/system/create-thumb"; resolver could not resolve to a file' in I:\przedszkole\vendor\zendframework\zendframework\library\Zend\View\Renderer\PhpRenderer.php:498
Stack trace:
#0 I:\przedszkole\vendor\zendframework\zendframework\library\Zend\View\View.php(205): Zend\View\Renderer\PhpRenderer->render(Object(Zend\View\Model\ViewModel))
#1 I:\przedszkole\vendor\zendframework\zendframework\library\Zend\View\View.php(233): Zend\View\View->render(Object(Zend\View\Model\ViewModel))
#2 I:\przedszkole\vendor\zendframework\zendframework\library\Zend\View\View.php(198): Zend\View\View->renderChildren(Object(Zend\View\Model\ViewModel))
#3 I:\przedszkole\vendor\zendframework\zendframework\library\Zend\Mvc\View\Http\DefaultRenderingStrategy.php(103): Zend\View\View->render(Object(Zend\View\Model\ViewModel))
#4 [internal function]: Zend\Mvc\View\Http\DefaultRenderingStrategy->render(Object(Zend\Mvc\MvcEvent))
#5 I:\przedszkole\vendor\zendframework\zendframework\library\Zend\EventManager\EventManager.php(468): call_user_func(Array, Object(Zend\Mvc\MvcEvent))
#6 I:\przedszkole\vendor\zendframework\zendframework\library\Zend\EventManager\EventManager.php(207): Zend\EventManager\EventManager->triggerListeners('render', Object(Zend\Mvc\MvcEvent), Array)
#7 I:\przedszkole\vendor\zendframework\zendframework\library\Zend\Mvc\Application.php(352): Zend\EventManager\EventManager->trigger('render', Object(Zend\Mvc\MvcEvent))
#8 I:\przedszkole\vendor\zendframework\zendframework\library\Zend\Mvc\Application.php(327): Zend\Mvc\Application->completeRequest(Object(Zend\Mvc\MvcEvent))
#9 I:\przedszkole\public\index.php(17): Zend\Mvc\Application->run()
#10 {main}
2015-03-26T19:03:15+01:00 CRIT (2): exception 'Zend\View\Exception\RuntimeException' with message 'Zend\View\Renderer\PhpRenderer::render: Unable to render template "cms-ir/system/create-thumb"; resolver could not resolve to a file' in I:\przedszkole\vendor\zendframework\zendframework\library\Zend\View\Renderer\PhpRenderer.php:498
Stack trace:
#0 I:\przedszkole\vendor\zendframework\zendframework\library\Zend\View\View.php(205): Zend\View\Renderer\PhpRenderer->render(Object(Zend\View\Model\ViewModel))
#1 I:\przedszkole\vendor\zendframework\zendframework\library\Zend\View\View.php(233): Zend\View\View->render(Object(Zend\View\Model\ViewModel))
#2 I:\przedszkole\vendor\zendframework\zendframework\library\Zend\View\View.php(198): Zend\View\View->renderChildren(Object(Zend\View\Model\ViewModel))
#3 I:\przedszkole\vendor\zendframework\zendframework\library\Zend\Mvc\View\Http\DefaultRenderingStrategy.php(103): Zend\View\View->render(Object(Zend\View\Model\ViewModel))
#4 [internal function]: Zend\Mvc\View\Http\DefaultRenderingStrategy->render(Object(Zend\Mvc\MvcEvent))
#5 I:\przedszkole\vendor\zendframework\zendframework\library\Zend\EventManager\EventManager.php(468): call_user_func(Array, Object(Zend\Mvc\MvcEvent))
#6 I:\przedszkole\vendor\zendframework\zendframework\library\Zend\EventManager\EventManager.php(207): Zend\EventManager\EventManager->triggerListeners('render', Object(Zend\Mvc\MvcEvent), Array)
#7 I:\przedszkole\vendor\zendframework\zendframework\library\Zend\Mvc\Application.php(352): Zend\EventManager\EventManager->trigger('render', Object(Zend\Mvc\MvcEvent))
#8 I:\przedszkole\vendor\zendframework\zendframework\library\Zend\Mvc\Application.php(327): Zend\Mvc\Application->completeRequest(Object(Zend\Mvc\MvcEvent))
#9 I:\przedszkole\public\index.php(17): Zend\Mvc\Application->run()
#10 {main}
2015-03-26T19:03:16+01:00 CRIT (2): exception 'Zend\View\Exception\RuntimeException' with message 'Zend\View\Renderer\PhpRenderer::render: Unable to render template "cms-ir/system/create-thumb"; resolver could not resolve to a file' in I:\przedszkole\vendor\zendframework\zendframework\library\Zend\View\Renderer\PhpRenderer.php:498
Stack trace:
#0 I:\przedszkole\vendor\zendframework\zendframework\library\Zend\View\View.php(205): Zend\View\Renderer\PhpRenderer->render(Object(Zend\View\Model\ViewModel))
#1 I:\przedszkole\vendor\zendframework\zendframework\library\Zend\View\View.php(233): Zend\View\View->render(Object(Zend\View\Model\ViewModel))
#2 I:\przedszkole\vendor\zendframework\zendframework\library\Zend\View\View.php(198): Zend\View\View->renderChildren(Object(Zend\View\Model\ViewModel))
#3 I:\przedszkole\vendor\zendframework\zendframework\library\Zend\Mvc\View\Http\DefaultRenderingStrategy.php(103): Zend\View\View->render(Object(Zend\View\Model\ViewModel))
#4 [internal function]: Zend\Mvc\View\Http\DefaultRenderingStrategy->render(Object(Zend\Mvc\MvcEvent))
#5 I:\przedszkole\vendor\zendframework\zendframework\library\Zend\EventManager\EventManager.php(468): call_user_func(Array, Object(Zend\Mvc\MvcEvent))
#6 I:\przedszkole\vendor\zendframework\zendframework\library\Zend\EventManager\EventManager.php(207): Zend\EventManager\EventManager->triggerListeners('render', Object(Zend\Mvc\MvcEvent), Array)
#7 I:\przedszkole\vendor\zendframework\zendframework\library\Zend\Mvc\Application.php(352): Zend\EventManager\EventManager->trigger('render', Object(Zend\Mvc\MvcEvent))
#8 I:\przedszkole\vendor\zendframework\zendframework\library\Zend\Mvc\Application.php(327): Zend\Mvc\Application->completeRequest(Object(Zend\Mvc\MvcEvent))
#9 I:\przedszkole\public\index.php(17): Zend\Mvc\Application->run()
#10 {main}
2015-03-26T19:03:17+01:00 CRIT (2): exception 'Zend\View\Exception\RuntimeException' with message 'Zend\View\Renderer\PhpRenderer::render: Unable to render template "cms-ir/system/create-thumb"; resolver could not resolve to a file' in I:\przedszkole\vendor\zendframework\zendframework\library\Zend\View\Renderer\PhpRenderer.php:498
Stack trace:
#0 I:\przedszkole\vendor\zendframework\zendframework\library\Zend\View\View.php(205): Zend\View\Renderer\PhpRenderer->render(Object(Zend\View\Model\ViewModel))
#1 I:\przedszkole\vendor\zendframework\zendframework\library\Zend\View\View.php(233): Zend\View\View->render(Object(Zend\View\Model\ViewModel))
#2 I:\przedszkole\vendor\zendframework\zendframework\library\Zend\View\View.php(198): Zend\View\View->renderChildren(Object(Zend\View\Model\ViewModel))
#3 I:\przedszkole\vendor\zendframework\zendframework\library\Zend\Mvc\View\Http\DefaultRenderingStrategy.php(103): Zend\View\View->render(Object(Zend\View\Model\ViewModel))
#4 [internal function]: Zend\Mvc\View\Http\DefaultRenderingStrategy->render(Object(Zend\Mvc\MvcEvent))
#5 I:\przedszkole\vendor\zendframework\zendframework\library\Zend\EventManager\EventManager.php(468): call_user_func(Array, Object(Zend\Mvc\MvcEvent))
#6 I:\przedszkole\vendor\zendframework\zendframework\library\Zend\EventManager\EventManager.php(207): Zend\EventManager\EventManager->triggerListeners('render', Object(Zend\Mvc\MvcEvent), Array)
#7 I:\przedszkole\vendor\zendframework\zendframework\library\Zend\Mvc\Application.php(352): Zend\EventManager\EventManager->trigger('render', Object(Zend\Mvc\MvcEvent))
#8 I:\przedszkole\vendor\zendframework\zendframework\library\Zend\Mvc\Application.php(327): Zend\Mvc\Application->completeRequest(Object(Zend\Mvc\MvcEvent))
#9 I:\przedszkole\public\index.php(17): Zend\Mvc\Application->run()
#10 {main}
2015-03-26T19:03:17+01:00 CRIT (2): exception 'Zend\View\Exception\RuntimeException' with message 'Zend\View\Renderer\PhpRenderer::render: Unable to render template "cms-ir/system/create-thumb"; resolver could not resolve to a file' in I:\przedszkole\vendor\zendframework\zendframework\library\Zend\View\Renderer\PhpRenderer.php:498
Stack trace:
#0 I:\przedszkole\vendor\zendframework\zendframework\library\Zend\View\View.php(205): Zend\View\Renderer\PhpRenderer->render(Object(Zend\View\Model\ViewModel))
#1 I:\przedszkole\vendor\zendframework\zendframework\library\Zend\View\View.php(233): Zend\View\View->render(Object(Zend\View\Model\ViewModel))
#2 I:\przedszkole\vendor\zendframework\zendframework\library\Zend\View\View.php(198): Zend\View\View->renderChildren(Object(Zend\View\Model\ViewModel))
#3 I:\przedszkole\vendor\zendframework\zendframework\library\Zend\Mvc\View\Http\DefaultRenderingStrategy.php(103): Zend\View\View->render(Object(Zend\View\Model\ViewModel))
#4 [internal function]: Zend\Mvc\View\Http\DefaultRenderingStrategy->render(Object(Zend\Mvc\MvcEvent))
#5 I:\przedszkole\vendor\zendframework\zendframework\library\Zend\EventManager\EventManager.php(468): call_user_func(Array, Object(Zend\Mvc\MvcEvent))
#6 I:\przedszkole\vendor\zendframework\zendframework\library\Zend\EventManager\EventManager.php(207): Zend\EventManager\EventManager->triggerListeners('render', Object(Zend\Mvc\MvcEvent), Array)
#7 I:\przedszkole\vendor\zendframework\zendframework\library\Zend\Mvc\Application.php(352): Zend\EventManager\EventManager->trigger('render', Object(Zend\Mvc\MvcEvent))
#8 I:\przedszkole\vendor\zendframework\zendframework\library\Zend\Mvc\Application.php(327): Zend\Mvc\Application->completeRequest(Object(Zend\Mvc\MvcEvent))
#9 I:\przedszkole\public\index.php(17): Zend\Mvc\Application->run()
#10 {main}
2015-03-26T19:03:18+01:00 CRIT (2): exception 'Zend\View\Exception\RuntimeException' with message 'Zend\View\Renderer\PhpRenderer::render: Unable to render template "cms-ir/system/create-thumb"; resolver could not resolve to a file' in I:\przedszkole\vendor\zendframework\zendframework\library\Zend\View\Renderer\PhpRenderer.php:498
Stack trace:
#0 I:\przedszkole\vendor\zendframework\zendframework\library\Zend\View\View.php(205): Zend\View\Renderer\PhpRenderer->render(Object(Zend\View\Model\ViewModel))
#1 I:\przedszkole\vendor\zendframework\zendframework\library\Zend\View\View.php(233): Zend\View\View->render(Object(Zend\View\Model\ViewModel))
#2 I:\przedszkole\vendor\zendframework\zendframework\library\Zend\View\View.php(198): Zend\View\View->renderChildren(Object(Zend\View\Model\ViewModel))
#3 I:\przedszkole\vendor\zendframework\zendframework\library\Zend\Mvc\View\Http\DefaultRenderingStrategy.php(103): Zend\View\View->render(Object(Zend\View\Model\ViewModel))
#4 [internal function]: Zend\Mvc\View\Http\DefaultRenderingStrategy->render(Object(Zend\Mvc\MvcEvent))
#5 I:\przedszkole\vendor\zendframework\zendframework\library\Zend\EventManager\EventManager.php(468): call_user_func(Array, Object(Zend\Mvc\MvcEvent))
#6 I:\przedszkole\vendor\zendframework\zendframework\library\Zend\EventManager\EventManager.php(207): Zend\EventManager\EventManager->triggerListeners('render', Object(Zend\Mvc\MvcEvent), Array)
#7 I:\przedszkole\vendor\zendframework\zendframework\library\Zend\Mvc\Application.php(352): Zend\EventManager\EventManager->trigger('render', Object(Zend\Mvc\MvcEvent))
#8 I:\przedszkole\vendor\zendframework\zendframework\library\Zend\Mvc\Application.php(327): Zend\Mvc\Application->completeRequest(Object(Zend\Mvc\MvcEvent))
#9 I:\przedszkole\public\index.php(17): Zend\Mvc\Application->run()
#10 {main}
2015-03-26T19:03:18+01:00 CRIT (2): exception 'Zend\View\Exception\RuntimeException' with message 'Zend\View\Renderer\PhpRenderer::render: Unable to render template "cms-ir/system/create-thumb"; resolver could not resolve to a file' in I:\przedszkole\vendor\zendframework\zendframework\library\Zend\View\Renderer\PhpRenderer.php:498
Stack trace:
#0 I:\przedszkole\vendor\zendframework\zendframework\library\Zend\View\View.php(205): Zend\View\Renderer\PhpRenderer->render(Object(Zend\View\Model\ViewModel))
#1 I:\przedszkole\vendor\zendframework\zendframework\library\Zend\View\View.php(233): Zend\View\View->render(Object(Zend\View\Model\ViewModel))
#2 I:\przedszkole\vendor\zendframework\zendframework\library\Zend\View\View.php(198): Zend\View\View->renderChildren(Object(Zend\View\Model\ViewModel))
#3 I:\przedszkole\vendor\zendframework\zendframework\library\Zend\Mvc\View\Http\DefaultRenderingStrategy.php(103): Zend\View\View->render(Object(Zend\View\Model\ViewModel))
#4 [internal function]: Zend\Mvc\View\Http\DefaultRenderingStrategy->render(Object(Zend\Mvc\MvcEvent))
#5 I:\przedszkole\vendor\zendframework\zendframework\library\Zend\EventManager\EventManager.php(468): call_user_func(Array, Object(Zend\Mvc\MvcEvent))
#6 I:\przedszkole\vendor\zendframework\zendframework\library\Zend\EventManager\EventManager.php(207): Zend\EventManager\EventManager->triggerListeners('render', Object(Zend\Mvc\MvcEvent), Array)
#7 I:\przedszkole\vendor\zendframework\zendframework\library\Zend\Mvc\Application.php(352): Zend\EventManager\EventManager->trigger('render', Object(Zend\Mvc\MvcEvent))
#8 I:\przedszkole\vendor\zendframework\zendframework\library\Zend\Mvc\Application.php(327): Zend\Mvc\Application->completeRequest(Object(Zend\Mvc\MvcEvent))
#9 I:\przedszkole\public\index.php(17): Zend\Mvc\Application->run()
#10 {main}
2015-03-26T19:04:06+01:00 CRIT (2): exception 'Zend\View\Exception\RuntimeException' with message 'Zend\View\Renderer\PhpRenderer::render: Unable to render template "cms-ir/system/create-thumb"; resolver could not resolve to a file' in I:\przedszkole\vendor\zendframework\zendframework\library\Zend\View\Renderer\PhpRenderer.php:498
Stack trace:
#0 I:\przedszkole\vendor\zendframework\zendframework\library\Zend\View\View.php(205): Zend\View\Renderer\PhpRenderer->render(Object(Zend\View\Model\ViewModel))
#1 I:\przedszkole\vendor\zendframework\zendframework\library\Zend\View\View.php(233): Zend\View\View->render(Object(Zend\View\Model\ViewModel))
#2 I:\przedszkole\vendor\zendframework\zendframework\library\Zend\View\View.php(198): Zend\View\View->renderChildren(Object(Zend\View\Model\ViewModel))
#3 I:\przedszkole\vendor\zendframework\zendframework\library\Zend\Mvc\View\Http\DefaultRenderingStrategy.php(103): Zend\View\View->render(Object(Zend\View\Model\ViewModel))
#4 [internal function]: Zend\Mvc\View\Http\DefaultRenderingStrategy->render(Object(Zend\Mvc\MvcEvent))
#5 I:\przedszkole\vendor\zendframework\zendframework\library\Zend\EventManager\EventManager.php(468): call_user_func(Array, Object(Zend\Mvc\MvcEvent))
#6 I:\przedszkole\vendor\zendframework\zendframework\library\Zend\EventManager\EventManager.php(207): Zend\EventManager\EventManager->triggerListeners('render', Object(Zend\Mvc\MvcEvent), Array)
#7 I:\przedszkole\vendor\zendframework\zendframework\library\Zend\Mvc\Application.php(352): Zend\EventManager\EventManager->trigger('render', Object(Zend\Mvc\MvcEvent))
#8 I:\przedszkole\vendor\zendframework\zendframework\library\Zend\Mvc\Application.php(327): Zend\Mvc\Application->completeRequest(Object(Zend\Mvc\MvcEvent))
#9 I:\przedszkole\public\index.php(17): Zend\Mvc\Application->run()
#10 {main}
2015-03-26T19:04:07+01:00 CRIT (2): exception 'Zend\View\Exception\RuntimeException' with message 'Zend\View\Renderer\PhpRenderer::render: Unable to render template "cms-ir/system/create-thumb"; resolver could not resolve to a file' in I:\przedszkole\vendor\zendframework\zendframework\library\Zend\View\Renderer\PhpRenderer.php:498
Stack trace:
#0 I:\przedszkole\vendor\zendframework\zendframework\library\Zend\View\View.php(205): Zend\View\Renderer\PhpRenderer->render(Object(Zend\View\Model\ViewModel))
#1 I:\przedszkole\vendor\zendframework\zendframework\library\Zend\View\View.php(233): Zend\View\View->render(Object(Zend\View\Model\ViewModel))
#2 I:\przedszkole\vendor\zendframework\zendframework\library\Zend\View\View.php(198): Zend\View\View->renderChildren(Object(Zend\View\Model\ViewModel))
#3 I:\przedszkole\vendor\zendframework\zendframework\library\Zend\Mvc\View\Http\DefaultRenderingStrategy.php(103): Zend\View\View->render(Object(Zend\View\Model\ViewModel))
#4 [internal function]: Zend\Mvc\View\Http\DefaultRenderingStrategy->render(Object(Zend\Mvc\MvcEvent))
#5 I:\przedszkole\vendor\zendframework\zendframework\library\Zend\EventManager\EventManager.php(468): call_user_func(Array, Object(Zend\Mvc\MvcEvent))
#6 I:\przedszkole\vendor\zendframework\zendframework\library\Zend\EventManager\EventManager.php(207): Zend\EventManager\EventManager->triggerListeners('render', Object(Zend\Mvc\MvcEvent), Array)
#7 I:\przedszkole\vendor\zendframework\zendframework\library\Zend\Mvc\Application.php(352): Zend\EventManager\EventManager->trigger('render', Object(Zend\Mvc\MvcEvent))
#8 I:\przedszkole\vendor\zendframework\zendframework\library\Zend\Mvc\Application.php(327): Zend\Mvc\Application->completeRequest(Object(Zend\Mvc\MvcEvent))
#9 I:\przedszkole\public\index.php(17): Zend\Mvc\Application->run()
#10 {main}
2015-03-26T19:04:07+01:00 CRIT (2): exception 'Zend\View\Exception\RuntimeException' with message 'Zend\View\Renderer\PhpRenderer::render: Unable to render template "cms-ir/system/create-thumb"; resolver could not resolve to a file' in I:\przedszkole\vendor\zendframework\zendframework\library\Zend\View\Renderer\PhpRenderer.php:498
Stack trace:
#0 I:\przedszkole\vendor\zendframework\zendframework\library\Zend\View\View.php(205): Zend\View\Renderer\PhpRenderer->render(Object(Zend\View\Model\ViewModel))
#1 I:\przedszkole\vendor\zendframework\zendframework\library\Zend\View\View.php(233): Zend\View\View->render(Object(Zend\View\Model\ViewModel))
#2 I:\przedszkole\vendor\zendframework\zendframework\library\Zend\View\View.php(198): Zend\View\View->renderChildren(Object(Zend\View\Model\ViewModel))
#3 I:\przedszkole\vendor\zendframework\zendframework\library\Zend\Mvc\View\Http\DefaultRenderingStrategy.php(103): Zend\View\View->render(Object(Zend\View\Model\ViewModel))
#4 [internal function]: Zend\Mvc\View\Http\DefaultRenderingStrategy->render(Object(Zend\Mvc\MvcEvent))
#5 I:\przedszkole\vendor\zendframework\zendframework\library\Zend\EventManager\EventManager.php(468): call_user_func(Array, Object(Zend\Mvc\MvcEvent))
#6 I:\przedszkole\vendor\zendframework\zendframework\library\Zend\EventManager\EventManager.php(207): Zend\EventManager\EventManager->triggerListeners('render', Object(Zend\Mvc\MvcEvent), Array)
#7 I:\przedszkole\vendor\zendframework\zendframework\library\Zend\Mvc\Application.php(352): Zend\EventManager\EventManager->trigger('render', Object(Zend\Mvc\MvcEvent))
#8 I:\przedszkole\vendor\zendframework\zendframework\library\Zend\Mvc\Application.php(327): Zend\Mvc\Application->completeRequest(Object(Zend\Mvc\MvcEvent))
#9 I:\przedszkole\public\index.php(17): Zend\Mvc\Application->run()
#10 {main}
2015-03-26T19:04:08+01:00 CRIT (2): exception 'Zend\View\Exception\RuntimeException' with message 'Zend\View\Renderer\PhpRenderer::render: Unable to render template "cms-ir/system/create-thumb"; resolver could not resolve to a file' in I:\przedszkole\vendor\zendframework\zendframework\library\Zend\View\Renderer\PhpRenderer.php:498
Stack trace:
#0 I:\przedszkole\vendor\zendframework\zendframework\library\Zend\View\View.php(205): Zend\View\Renderer\PhpRenderer->render(Object(Zend\View\Model\ViewModel))
#1 I:\przedszkole\vendor\zendframework\zendframework\library\Zend\View\View.php(233): Zend\View\View->render(Object(Zend\View\Model\ViewModel))
#2 I:\przedszkole\vendor\zendframework\zendframework\library\Zend\View\View.php(198): Zend\View\View->renderChildren(Object(Zend\View\Model\ViewModel))
#3 I:\przedszkole\vendor\zendframework\zendframework\library\Zend\Mvc\View\Http\DefaultRenderingStrategy.php(103): Zend\View\View->render(Object(Zend\View\Model\ViewModel))
#4 [internal function]: Zend\Mvc\View\Http\DefaultRenderingStrategy->render(Object(Zend\Mvc\MvcEvent))
#5 I:\przedszkole\vendor\zendframework\zendframework\library\Zend\EventManager\EventManager.php(468): call_user_func(Array, Object(Zend\Mvc\MvcEvent))
#6 I:\przedszkole\vendor\zendframework\zendframework\library\Zend\EventManager\EventManager.php(207): Zend\EventManager\EventManager->triggerListeners('render', Object(Zend\Mvc\MvcEvent), Array)
#7 I:\przedszkole\vendor\zendframework\zendframework\library\Zend\Mvc\Application.php(352): Zend\EventManager\EventManager->trigger('render', Object(Zend\Mvc\MvcEvent))
#8 I:\przedszkole\vendor\zendframework\zendframework\library\Zend\Mvc\Application.php(327): Zend\Mvc\Application->completeRequest(Object(Zend\Mvc\MvcEvent))
#9 I:\przedszkole\public\index.php(17): Zend\Mvc\Application->run()
#10 {main}
2015-03-26T19:04:09+01:00 CRIT (2): exception 'Zend\View\Exception\RuntimeException' with message 'Zend\View\Renderer\PhpRenderer::render: Unable to render template "cms-ir/system/create-thumb"; resolver could not resolve to a file' in I:\przedszkole\vendor\zendframework\zendframework\library\Zend\View\Renderer\PhpRenderer.php:498
Stack trace:
#0 I:\przedszkole\vendor\zendframework\zendframework\library\Zend\View\View.php(205): Zend\View\Renderer\PhpRenderer->render(Object(Zend\View\Model\ViewModel))
#1 I:\przedszkole\vendor\zendframework\zendframework\library\Zend\View\View.php(233): Zend\View\View->render(Object(Zend\View\Model\ViewModel))
#2 I:\przedszkole\vendor\zendframework\zendframework\library\Zend\View\View.php(198): Zend\View\View->renderChildren(Object(Zend\View\Model\ViewModel))
#3 I:\przedszkole\vendor\zendframework\zendframework\library\Zend\Mvc\View\Http\DefaultRenderingStrategy.php(103): Zend\View\View->render(Object(Zend\View\Model\ViewModel))
#4 [internal function]: Zend\Mvc\View\Http\DefaultRenderingStrategy->render(Object(Zend\Mvc\MvcEvent))
#5 I:\przedszkole\vendor\zendframework\zendframework\library\Zend\EventManager\EventManager.php(468): call_user_func(Array, Object(Zend\Mvc\MvcEvent))
#6 I:\przedszkole\vendor\zendframework\zendframework\library\Zend\EventManager\EventManager.php(207): Zend\EventManager\EventManager->triggerListeners('render', Object(Zend\Mvc\MvcEvent), Array)
#7 I:\przedszkole\vendor\zendframework\zendframework\library\Zend\Mvc\Application.php(352): Zend\EventManager\EventManager->trigger('render', Object(Zend\Mvc\MvcEvent))
#8 I:\przedszkole\vendor\zendframework\zendframework\library\Zend\Mvc\Application.php(327): Zend\Mvc\Application->completeRequest(Object(Zend\Mvc\MvcEvent))
#9 I:\przedszkole\public\index.php(17): Zend\Mvc\Application->run()
#10 {main}
2015-03-26T19:04:09+01:00 CRIT (2): exception 'Zend\View\Exception\RuntimeException' with message 'Zend\View\Renderer\PhpRenderer::render: Unable to render template "cms-ir/system/create-thumb"; resolver could not resolve to a file' in I:\przedszkole\vendor\zendframework\zendframework\library\Zend\View\Renderer\PhpRenderer.php:498
Stack trace:
#0 I:\przedszkole\vendor\zendframework\zendframework\library\Zend\View\View.php(205): Zend\View\Renderer\PhpRenderer->render(Object(Zend\View\Model\ViewModel))
#1 I:\przedszkole\vendor\zendframework\zendframework\library\Zend\View\View.php(233): Zend\View\View->render(Object(Zend\View\Model\ViewModel))
#2 I:\przedszkole\vendor\zendframework\zendframework\library\Zend\View\View.php(198): Zend\View\View->renderChildren(Object(Zend\View\Model\ViewModel))
#3 I:\przedszkole\vendor\zendframework\zendframework\library\Zend\Mvc\View\Http\DefaultRenderingStrategy.php(103): Zend\View\View->render(Object(Zend\View\Model\ViewModel))
#4 [internal function]: Zend\Mvc\View\Http\DefaultRenderingStrategy->render(Object(Zend\Mvc\MvcEvent))
#5 I:\przedszkole\vendor\zendframework\zendframework\library\Zend\EventManager\EventManager.php(468): call_user_func(Array, Object(Zend\Mvc\MvcEvent))
#6 I:\przedszkole\vendor\zendframework\zendframework\library\Zend\EventManager\EventManager.php(207): Zend\EventManager\EventManager->triggerListeners('render', Object(Zend\Mvc\MvcEvent), Array)
#7 I:\przedszkole\vendor\zendframework\zendframework\library\Zend\Mvc\Application.php(352): Zend\EventManager\EventManager->trigger('render', Object(Zend\Mvc\MvcEvent))
#8 I:\przedszkole\vendor\zendframework\zendframework\library\Zend\Mvc\Application.php(327): Zend\Mvc\Application->completeRequest(Object(Zend\Mvc\MvcEvent))
#9 I:\przedszkole\public\index.php(17): Zend\Mvc\Application->run()
#10 {main}
2015-03-26T19:04:10+01:00 CRIT (2): exception 'Zend\View\Exception\RuntimeException' with message 'Zend\View\Renderer\PhpRenderer::render: Unable to render template "cms-ir/system/create-thumb"; resolver could not resolve to a file' in I:\przedszkole\vendor\zendframework\zendframework\library\Zend\View\Renderer\PhpRenderer.php:498
Stack trace:
#0 I:\przedszkole\vendor\zendframework\zendframework\library\Zend\View\View.php(205): Zend\View\Renderer\PhpRenderer->render(Object(Zend\View\Model\ViewModel))
#1 I:\przedszkole\vendor\zendframework\zendframework\library\Zend\View\View.php(233): Zend\View\View->render(Object(Zend\View\Model\ViewModel))
#2 I:\przedszkole\vendor\zendframework\zendframework\library\Zend\View\View.php(198): Zend\View\View->renderChildren(Object(Zend\View\Model\ViewModel))
#3 I:\przedszkole\vendor\zendframework\zendframework\library\Zend\Mvc\View\Http\DefaultRenderingStrategy.php(103): Zend\View\View->render(Object(Zend\View\Model\ViewModel))
#4 [internal function]: Zend\Mvc\View\Http\DefaultRenderingStrategy->render(Object(Zend\Mvc\MvcEvent))
#5 I:\przedszkole\vendor\zendframework\zendframework\library\Zend\EventManager\EventManager.php(468): call_user_func(Array, Object(Zend\Mvc\MvcEvent))
#6 I:\przedszkole\vendor\zendframework\zendframework\library\Zend\EventManager\EventManager.php(207): Zend\EventManager\EventManager->triggerListeners('render', Object(Zend\Mvc\MvcEvent), Array)
#7 I:\przedszkole\vendor\zendframework\zendframework\library\Zend\Mvc\Application.php(352): Zend\EventManager\EventManager->trigger('render', Object(Zend\Mvc\MvcEvent))
#8 I:\przedszkole\vendor\zendframework\zendframework\library\Zend\Mvc\Application.php(327): Zend\Mvc\Application->completeRequest(Object(Zend\Mvc\MvcEvent))
#9 I:\przedszkole\public\index.php(17): Zend\Mvc\Application->run()
#10 {main}
2015-03-26T19:04:18+01:00 CRIT (2): exception 'Zend\View\Exception\RuntimeException' with message 'Zend\View\Renderer\PhpRenderer::render: Unable to render template "cms-ir/system/create-thumb"; resolver could not resolve to a file' in I:\przedszkole\vendor\zendframework\zendframework\library\Zend\View\Renderer\PhpRenderer.php:498
Stack trace:
#0 I:\przedszkole\vendor\zendframework\zendframework\library\Zend\View\View.php(205): Zend\View\Renderer\PhpRenderer->render(Object(Zend\View\Model\ViewModel))
#1 I:\przedszkole\vendor\zendframework\zendframework\library\Zend\View\View.php(233): Zend\View\View->render(Object(Zend\View\Model\ViewModel))
#2 I:\przedszkole\vendor\zendframework\zendframework\library\Zend\View\View.php(198): Zend\View\View->renderChildren(Object(Zend\View\Model\ViewModel))
#3 I:\przedszkole\vendor\zendframework\zendframework\library\Zend\Mvc\View\Http\DefaultRenderingStrategy.php(103): Zend\View\View->render(Object(Zend\View\Model\ViewModel))
#4 [internal function]: Zend\Mvc\View\Http\DefaultRenderingStrategy->render(Object(Zend\Mvc\MvcEvent))
#5 I:\przedszkole\vendor\zendframework\zendframework\library\Zend\EventManager\EventManager.php(468): call_user_func(Array, Object(Zend\Mvc\MvcEvent))
#6 I:\przedszkole\vendor\zendframework\zendframework\library\Zend\EventManager\EventManager.php(207): Zend\EventManager\EventManager->triggerListeners('render', Object(Zend\Mvc\MvcEvent), Array)
#7 I:\przedszkole\vendor\zendframework\zendframework\library\Zend\Mvc\Application.php(352): Zend\EventManager\EventManager->trigger('render', Object(Zend\Mvc\MvcEvent))
#8 I:\przedszkole\vendor\zendframework\zendframework\library\Zend\Mvc\Application.php(327): Zend\Mvc\Application->completeRequest(Object(Zend\Mvc\MvcEvent))
#9 I:\przedszkole\public\index.php(17): Zend\Mvc\Application->run()
#10 {main}
2015-03-26T19:04:19+01:00 CRIT (2): exception 'Zend\View\Exception\RuntimeException' with message 'Zend\View\Renderer\PhpRenderer::render: Unable to render template "cms-ir/system/create-thumb"; resolver could not resolve to a file' in I:\przedszkole\vendor\zendframework\zendframework\library\Zend\View\Renderer\PhpRenderer.php:498
Stack trace:
#0 I:\przedszkole\vendor\zendframework\zendframework\library\Zend\View\View.php(205): Zend\View\Renderer\PhpRenderer->render(Object(Zend\View\Model\ViewModel))
#1 I:\przedszkole\vendor\zendframework\zendframework\library\Zend\View\View.php(233): Zend\View\View->render(Object(Zend\View\Model\ViewModel))
#2 I:\przedszkole\vendor\zendframework\zendframework\library\Zend\View\View.php(198): Zend\View\View->renderChildren(Object(Zend\View\Model\ViewModel))
#3 I:\przedszkole\vendor\zendframework\zendframework\library\Zend\Mvc\View\Http\DefaultRenderingStrategy.php(103): Zend\View\View->render(Object(Zend\View\Model\ViewModel))
#4 [internal function]: Zend\Mvc\View\Http\DefaultRenderingStrategy->render(Object(Zend\Mvc\MvcEvent))
#5 I:\przedszkole\vendor\zendframework\zendframework\library\Zend\EventManager\EventManager.php(468): call_user_func(Array, Object(Zend\Mvc\MvcEvent))
#6 I:\przedszkole\vendor\zendframework\zendframework\library\Zend\EventManager\EventManager.php(207): Zend\EventManager\EventManager->triggerListeners('render', Object(Zend\Mvc\MvcEvent), Array)
#7 I:\przedszkole\vendor\zendframework\zendframework\library\Zend\Mvc\Application.php(352): Zend\EventManager\EventManager->trigger('render', Object(Zend\Mvc\MvcEvent))
#8 I:\przedszkole\vendor\zendframework\zendframework\library\Zend\Mvc\Application.php(327): Zend\Mvc\Application->completeRequest(Object(Zend\Mvc\MvcEvent))
#9 I:\przedszkole\public\index.php(17): Zend\Mvc\Application->run()
#10 {main}
2015-03-26T19:04:19+01:00 CRIT (2): exception 'Zend\View\Exception\RuntimeException' with message 'Zend\View\Renderer\PhpRenderer::render: Unable to render template "cms-ir/system/create-thumb"; resolver could not resolve to a file' in I:\przedszkole\vendor\zendframework\zendframework\library\Zend\View\Renderer\PhpRenderer.php:498
Stack trace:
#0 I:\przedszkole\vendor\zendframework\zendframework\library\Zend\View\View.php(205): Zend\View\Renderer\PhpRenderer->render(Object(Zend\View\Model\ViewModel))
#1 I:\przedszkole\vendor\zendframework\zendframework\library\Zend\View\View.php(233): Zend\View\View->render(Object(Zend\View\Model\ViewModel))
#2 I:\przedszkole\vendor\zendframework\zendframework\library\Zend\View\View.php(198): Zend\View\View->renderChildren(Object(Zend\View\Model\ViewModel))
#3 I:\przedszkole\vendor\zendframework\zendframework\library\Zend\Mvc\View\Http\DefaultRenderingStrategy.php(103): Zend\View\View->render(Object(Zend\View\Model\ViewModel))
#4 [internal function]: Zend\Mvc\View\Http\DefaultRenderingStrategy->render(Object(Zend\Mvc\MvcEvent))
#5 I:\przedszkole\vendor\zendframework\zendframework\library\Zend\EventManager\EventManager.php(468): call_user_func(Array, Object(Zend\Mvc\MvcEvent))
#6 I:\przedszkole\vendor\zendframework\zendframework\library\Zend\EventManager\EventManager.php(207): Zend\EventManager\EventManager->triggerListeners('render', Object(Zend\Mvc\MvcEvent), Array)
#7 I:\przedszkole\vendor\zendframework\zendframework\library\Zend\Mvc\Application.php(352): Zend\EventManager\EventManager->trigger('render', Object(Zend\Mvc\MvcEvent))
#8 I:\przedszkole\vendor\zendframework\zendframework\library\Zend\Mvc\Application.php(327): Zend\Mvc\Application->completeRequest(Object(Zend\Mvc\MvcEvent))
#9 I:\przedszkole\public\index.php(17): Zend\Mvc\Application->run()
#10 {main}
2015-03-26T19:04:20+01:00 CRIT (2): exception 'Zend\View\Exception\RuntimeException' with message 'Zend\View\Renderer\PhpRenderer::render: Unable to render template "cms-ir/system/create-thumb"; resolver could not resolve to a file' in I:\przedszkole\vendor\zendframework\zendframework\library\Zend\View\Renderer\PhpRenderer.php:498
Stack trace:
#0 I:\przedszkole\vendor\zendframework\zendframework\library\Zend\View\View.php(205): Zend\View\Renderer\PhpRenderer->render(Object(Zend\View\Model\ViewModel))
#1 I:\przedszkole\vendor\zendframework\zendframework\library\Zend\View\View.php(233): Zend\View\View->render(Object(Zend\View\Model\ViewModel))
#2 I:\przedszkole\vendor\zendframework\zendframework\library\Zend\View\View.php(198): Zend\View\View->renderChildren(Object(Zend\View\Model\ViewModel))
#3 I:\przedszkole\vendor\zendframework\zendframework\library\Zend\Mvc\View\Http\DefaultRenderingStrategy.php(103): Zend\View\View->render(Object(Zend\View\Model\ViewModel))
#4 [internal function]: Zend\Mvc\View\Http\DefaultRenderingStrategy->render(Object(Zend\Mvc\MvcEvent))
#5 I:\przedszkole\vendor\zendframework\zendframework\library\Zend\EventManager\EventManager.php(468): call_user_func(Array, Object(Zend\Mvc\MvcEvent))
#6 I:\przedszkole\vendor\zendframework\zendframework\library\Zend\EventManager\EventManager.php(207): Zend\EventManager\EventManager->triggerListeners('render', Object(Zend\Mvc\MvcEvent), Array)
#7 I:\przedszkole\vendor\zendframework\zendframework\library\Zend\Mvc\Application.php(352): Zend\EventManager\EventManager->trigger('render', Object(Zend\Mvc\MvcEvent))
#8 I:\przedszkole\vendor\zendframework\zendframework\library\Zend\Mvc\Application.php(327): Zend\Mvc\Application->completeRequest(Object(Zend\Mvc\MvcEvent))
#9 I:\przedszkole\public\index.php(17): Zend\Mvc\Application->run()
#10 {main}
2015-03-26T19:04:20+01:00 CRIT (2): exception 'Zend\View\Exception\RuntimeException' with message 'Zend\View\Renderer\PhpRenderer::render: Unable to render template "cms-ir/system/create-thumb"; resolver could not resolve to a file' in I:\przedszkole\vendor\zendframework\zendframework\library\Zend\View\Renderer\PhpRenderer.php:498
Stack trace:
#0 I:\przedszkole\vendor\zendframework\zendframework\library\Zend\View\View.php(205): Zend\View\Renderer\PhpRenderer->render(Object(Zend\View\Model\ViewModel))
#1 I:\przedszkole\vendor\zendframework\zendframework\library\Zend\View\View.php(233): Zend\View\View->render(Object(Zend\View\Model\ViewModel))
#2 I:\przedszkole\vendor\zendframework\zendframework\library\Zend\View\View.php(198): Zend\View\View->renderChildren(Object(Zend\View\Model\ViewModel))
#3 I:\przedszkole\vendor\zendframework\zendframework\library\Zend\Mvc\View\Http\DefaultRenderingStrategy.php(103): Zend\View\View->render(Object(Zend\View\Model\ViewModel))
#4 [internal function]: Zend\Mvc\View\Http\DefaultRenderingStrategy->render(Object(Zend\Mvc\MvcEvent))
#5 I:\przedszkole\vendor\zendframework\zendframework\library\Zend\EventManager\EventManager.php(468): call_user_func(Array, Object(Zend\Mvc\MvcEvent))
#6 I:\przedszkole\vendor\zendframework\zendframework\library\Zend\EventManager\EventManager.php(207): Zend\EventManager\EventManager->triggerListeners('render', Object(Zend\Mvc\MvcEvent), Array)
#7 I:\przedszkole\vendor\zendframework\zendframework\library\Zend\Mvc\Application.php(352): Zend\EventManager\EventManager->trigger('render', Object(Zend\Mvc\MvcEvent))
#8 I:\przedszkole\vendor\zendframework\zendframework\library\Zend\Mvc\Application.php(327): Zend\Mvc\Application->completeRequest(Object(Zend\Mvc\MvcEvent))
#9 I:\przedszkole\public\index.php(17): Zend\Mvc\Application->run()
#10 {main}
2015-03-26T19:04:21+01:00 CRIT (2): exception 'Zend\View\Exception\RuntimeException' with message 'Zend\View\Renderer\PhpRenderer::render: Unable to render template "cms-ir/system/create-thumb"; resolver could not resolve to a file' in I:\przedszkole\vendor\zendframework\zendframework\library\Zend\View\Renderer\PhpRenderer.php:498
Stack trace:
#0 I:\przedszkole\vendor\zendframework\zendframework\library\Zend\View\View.php(205): Zend\View\Renderer\PhpRenderer->render(Object(Zend\View\Model\ViewModel))
#1 I:\przedszkole\vendor\zendframework\zendframework\library\Zend\View\View.php(233): Zend\View\View->render(Object(Zend\View\Model\ViewModel))
#2 I:\przedszkole\vendor\zendframework\zendframework\library\Zend\View\View.php(198): Zend\View\View->renderChildren(Object(Zend\View\Model\ViewModel))
#3 I:\przedszkole\vendor\zendframework\zendframework\library\Zend\Mvc\View\Http\DefaultRenderingStrategy.php(103): Zend\View\View->render(Object(Zend\View\Model\ViewModel))
#4 [internal function]: Zend\Mvc\View\Http\DefaultRenderingStrategy->render(Object(Zend\Mvc\MvcEvent))
#5 I:\przedszkole\vendor\zendframework\zendframework\library\Zend\EventManager\EventManager.php(468): call_user_func(Array, Object(Zend\Mvc\MvcEvent))
#6 I:\przedszkole\vendor\zendframework\zendframework\library\Zend\EventManager\EventManager.php(207): Zend\EventManager\EventManager->triggerListeners('render', Object(Zend\Mvc\MvcEvent), Array)
#7 I:\przedszkole\vendor\zendframework\zendframework\library\Zend\Mvc\Application.php(352): Zend\EventManager\EventManager->trigger('render', Object(Zend\Mvc\MvcEvent))
#8 I:\przedszkole\vendor\zendframework\zendframework\library\Zend\Mvc\Application.php(327): Zend\Mvc\Application->completeRequest(Object(Zend\Mvc\MvcEvent))
#9 I:\przedszkole\public\index.php(17): Zend\Mvc\Application->run()
#10 {main}
2015-03-26T19:04:22+01:00 CRIT (2): exception 'Zend\View\Exception\RuntimeException' with message 'Zend\View\Renderer\PhpRenderer::render: Unable to render template "cms-ir/system/create-thumb"; resolver could not resolve to a file' in I:\przedszkole\vendor\zendframework\zendframework\library\Zend\View\Renderer\PhpRenderer.php:498
Stack trace:
#0 I:\przedszkole\vendor\zendframework\zendframework\library\Zend\View\View.php(205): Zend\View\Renderer\PhpRenderer->render(Object(Zend\View\Model\ViewModel))
#1 I:\przedszkole\vendor\zendframework\zendframework\library\Zend\View\View.php(233): Zend\View\View->render(Object(Zend\View\Model\ViewModel))
#2 I:\przedszkole\vendor\zendframework\zendframework\library\Zend\View\View.php(198): Zend\View\View->renderChildren(Object(Zend\View\Model\ViewModel))
#3 I:\przedszkole\vendor\zendframework\zendframework\library\Zend\Mvc\View\Http\DefaultRenderingStrategy.php(103): Zend\View\View->render(Object(Zend\View\Model\ViewModel))
#4 [internal function]: Zend\Mvc\View\Http\DefaultRenderingStrategy->render(Object(Zend\Mvc\MvcEvent))
#5 I:\przedszkole\vendor\zendframework\zendframework\library\Zend\EventManager\EventManager.php(468): call_user_func(Array, Object(Zend\Mvc\MvcEvent))
#6 I:\przedszkole\vendor\zendframework\zendframework\library\Zend\EventManager\EventManager.php(207): Zend\EventManager\EventManager->triggerListeners('render', Object(Zend\Mvc\MvcEvent), Array)
#7 I:\przedszkole\vendor\zendframework\zendframework\library\Zend\Mvc\Application.php(352): Zend\EventManager\EventManager->trigger('render', Object(Zend\Mvc\MvcEvent))
#8 I:\przedszkole\vendor\zendframework\zendframework\library\Zend\Mvc\Application.php(327): Zend\Mvc\Application->completeRequest(Object(Zend\Mvc\MvcEvent))
#9 I:\przedszkole\public\index.php(17): Zend\Mvc\Application->run()
#10 {main}
2015-03-26T19:04:22+01:00 CRIT (2): exception 'Zend\View\Exception\RuntimeException' with message 'Zend\View\Renderer\PhpRenderer::render: Unable to render template "cms-ir/system/create-thumb"; resolver could not resolve to a file' in I:\przedszkole\vendor\zendframework\zendframework\library\Zend\View\Renderer\PhpRenderer.php:498
Stack trace:
#0 I:\przedszkole\vendor\zendframework\zendframework\library\Zend\View\View.php(205): Zend\View\Renderer\PhpRenderer->render(Object(Zend\View\Model\ViewModel))
#1 I:\przedszkole\vendor\zendframework\zendframework\library\Zend\View\View.php(233): Zend\View\View->render(Object(Zend\View\Model\ViewModel))
#2 I:\przedszkole\vendor\zendframework\zendframework\library\Zend\View\View.php(198): Zend\View\View->renderChildren(Object(Zend\View\Model\ViewModel))
#3 I:\przedszkole\vendor\zendframework\zendframework\library\Zend\Mvc\View\Http\DefaultRenderingStrategy.php(103): Zend\View\View->render(Object(Zend\View\Model\ViewModel))
#4 [internal function]: Zend\Mvc\View\Http\DefaultRenderingStrategy->render(Object(Zend\Mvc\MvcEvent))
#5 I:\przedszkole\vendor\zendframework\zendframework\library\Zend\EventManager\EventManager.php(468): call_user_func(Array, Object(Zend\Mvc\MvcEvent))
#6 I:\przedszkole\vendor\zendframework\zendframework\library\Zend\EventManager\EventManager.php(207): Zend\EventManager\EventManager->triggerListeners('render', Object(Zend\Mvc\MvcEvent), Array)
#7 I:\przedszkole\vendor\zendframework\zendframework\library\Zend\Mvc\Application.php(352): Zend\EventManager\EventManager->trigger('render', Object(Zend\Mvc\MvcEvent))
#8 I:\przedszkole\vendor\zendframework\zendframework\library\Zend\Mvc\Application.php(327): Zend\Mvc\Application->completeRequest(Object(Zend\Mvc\MvcEvent))
#9 I:\przedszkole\public\index.php(17): Zend\Mvc\Application->run()
#10 {main}
2015-03-26T19:04:23+01:00 CRIT (2): exception 'Zend\View\Exception\RuntimeException' with message 'Zend\View\Renderer\PhpRenderer::render: Unable to render template "cms-ir/system/create-thumb"; resolver could not resolve to a file' in I:\przedszkole\vendor\zendframework\zendframework\library\Zend\View\Renderer\PhpRenderer.php:498
Stack trace:
#0 I:\przedszkole\vendor\zendframework\zendframework\library\Zend\View\View.php(205): Zend\View\Renderer\PhpRenderer->render(Object(Zend\View\Model\ViewModel))
#1 I:\przedszkole\vendor\zendframework\zendframework\library\Zend\View\View.php(233): Zend\View\View->render(Object(Zend\View\Model\ViewModel))
#2 I:\przedszkole\vendor\zendframework\zendframework\library\Zend\View\View.php(198): Zend\View\View->renderChildren(Object(Zend\View\Model\ViewModel))
#3 I:\przedszkole\vendor\zendframework\zendframework\library\Zend\Mvc\View\Http\DefaultRenderingStrategy.php(103): Zend\View\View->render(Object(Zend\View\Model\ViewModel))
#4 [internal function]: Zend\Mvc\View\Http\DefaultRenderingStrategy->render(Object(Zend\Mvc\MvcEvent))
#5 I:\przedszkole\vendor\zendframework\zendframework\library\Zend\EventManager\EventManager.php(468): call_user_func(Array, Object(Zend\Mvc\MvcEvent))
#6 I:\przedszkole\vendor\zendframework\zendframework\library\Zend\EventManager\EventManager.php(207): Zend\EventManager\EventManager->triggerListeners('render', Object(Zend\Mvc\MvcEvent), Array)
#7 I:\przedszkole\vendor\zendframework\zendframework\library\Zend\Mvc\Application.php(352): Zend\EventManager\EventManager->trigger('render', Object(Zend\Mvc\MvcEvent))
#8 I:\przedszkole\vendor\zendframework\zendframework\library\Zend\Mvc\Application.php(327): Zend\Mvc\Application->completeRequest(Object(Zend\Mvc\MvcEvent))
#9 I:\przedszkole\public\index.php(17): Zend\Mvc\Application->run()
#10 {main}
2015-03-26T19:04:23+01:00 CRIT (2): exception 'Zend\View\Exception\RuntimeException' with message 'Zend\View\Renderer\PhpRenderer::render: Unable to render template "cms-ir/system/create-thumb"; resolver could not resolve to a file' in I:\przedszkole\vendor\zendframework\zendframework\library\Zend\View\Renderer\PhpRenderer.php:498
Stack trace:
#0 I:\przedszkole\vendor\zendframework\zendframework\library\Zend\View\View.php(205): Zend\View\Renderer\PhpRenderer->render(Object(Zend\View\Model\ViewModel))
#1 I:\przedszkole\vendor\zendframework\zendframework\library\Zend\View\View.php(233): Zend\View\View->render(Object(Zend\View\Model\ViewModel))
#2 I:\przedszkole\vendor\zendframework\zendframework\library\Zend\View\View.php(198): Zend\View\View->renderChildren(Object(Zend\View\Model\ViewModel))
#3 I:\przedszkole\vendor\zendframework\zendframework\library\Zend\Mvc\View\Http\DefaultRenderingStrategy.php(103): Zend\View\View->render(Object(Zend\View\Model\ViewModel))
#4 [internal function]: Zend\Mvc\View\Http\DefaultRenderingStrategy->render(Object(Zend\Mvc\MvcEvent))
#5 I:\przedszkole\vendor\zendframework\zendframework\library\Zend\EventManager\EventManager.php(468): call_user_func(Array, Object(Zend\Mvc\MvcEvent))
#6 I:\przedszkole\vendor\zendframework\zendframework\library\Zend\EventManager\EventManager.php(207): Zend\EventManager\EventManager->triggerListeners('render', Object(Zend\Mvc\MvcEvent), Array)
#7 I:\przedszkole\vendor\zendframework\zendframework\library\Zend\Mvc\Application.php(352): Zend\EventManager\EventManager->trigger('render', Object(Zend\Mvc\MvcEvent))
#8 I:\przedszkole\vendor\zendframework\zendframework\library\Zend\Mvc\Application.php(327): Zend\Mvc\Application->completeRequest(Object(Zend\Mvc\MvcEvent))
#9 I:\przedszkole\public\index.php(17): Zend\Mvc\Application->run()
#10 {main}
2015-03-26T19:04:24+01:00 CRIT (2): exception 'Zend\View\Exception\RuntimeException' with message 'Zend\View\Renderer\PhpRenderer::render: Unable to render template "cms-ir/system/create-thumb"; resolver could not resolve to a file' in I:\przedszkole\vendor\zendframework\zendframework\library\Zend\View\Renderer\PhpRenderer.php:498
Stack trace:
#0 I:\przedszkole\vendor\zendframework\zendframework\library\Zend\View\View.php(205): Zend\View\Renderer\PhpRenderer->render(Object(Zend\View\Model\ViewModel))
#1 I:\przedszkole\vendor\zendframework\zendframework\library\Zend\View\View.php(233): Zend\View\View->render(Object(Zend\View\Model\ViewModel))
#2 I:\przedszkole\vendor\zendframework\zendframework\library\Zend\View\View.php(198): Zend\View\View->renderChildren(Object(Zend\View\Model\ViewModel))
#3 I:\przedszkole\vendor\zendframework\zendframework\library\Zend\Mvc\View\Http\DefaultRenderingStrategy.php(103): Zend\View\View->render(Object(Zend\View\Model\ViewModel))
#4 [internal function]: Zend\Mvc\View\Http\DefaultRenderingStrategy->render(Object(Zend\Mvc\MvcEvent))
#5 I:\przedszkole\vendor\zendframework\zendframework\library\Zend\EventManager\EventManager.php(468): call_user_func(Array, Object(Zend\Mvc\MvcEvent))
#6 I:\przedszkole\vendor\zendframework\zendframework\library\Zend\EventManager\EventManager.php(207): Zend\EventManager\EventManager->triggerListeners('render', Object(Zend\Mvc\MvcEvent), Array)
#7 I:\przedszkole\vendor\zendframework\zendframework\library\Zend\Mvc\Application.php(352): Zend\EventManager\EventManager->trigger('render', Object(Zend\Mvc\MvcEvent))
#8 I:\przedszkole\vendor\zendframework\zendframework\library\Zend\Mvc\Application.php(327): Zend\Mvc\Application->completeRequest(Object(Zend\Mvc\MvcEvent))
#9 I:\przedszkole\public\index.php(17): Zend\Mvc\Application->run()
#10 {main}
2015-03-26T19:04:25+01:00 CRIT (2): exception 'Zend\View\Exception\RuntimeException' with message 'Zend\View\Renderer\PhpRenderer::render: Unable to render template "cms-ir/system/create-thumb"; resolver could not resolve to a file' in I:\przedszkole\vendor\zendframework\zendframework\library\Zend\View\Renderer\PhpRenderer.php:498
Stack trace:
#0 I:\przedszkole\vendor\zendframework\zendframework\library\Zend\View\View.php(205): Zend\View\Renderer\PhpRenderer->render(Object(Zend\View\Model\ViewModel))
#1 I:\przedszkole\vendor\zendframework\zendframework\library\Zend\View\View.php(233): Zend\View\View->render(Object(Zend\View\Model\ViewModel))
#2 I:\przedszkole\vendor\zendframework\zendframework\library\Zend\View\View.php(198): Zend\View\View->renderChildren(Object(Zend\View\Model\ViewModel))
#3 I:\przedszkole\vendor\zendframework\zendframework\library\Zend\Mvc\View\Http\DefaultRenderingStrategy.php(103): Zend\View\View->render(Object(Zend\View\Model\ViewModel))
#4 [internal function]: Zend\Mvc\View\Http\DefaultRenderingStrategy->render(Object(Zend\Mvc\MvcEvent))
#5 I:\przedszkole\vendor\zendframework\zendframework\library\Zend\EventManager\EventManager.php(468): call_user_func(Array, Object(Zend\Mvc\MvcEvent))
#6 I:\przedszkole\vendor\zendframework\zendframework\library\Zend\EventManager\EventManager.php(207): Zend\EventManager\EventManager->triggerListeners('render', Object(Zend\Mvc\MvcEvent), Array)
#7 I:\przedszkole\vendor\zendframework\zendframework\library\Zend\Mvc\Application.php(352): Zend\EventManager\EventManager->trigger('render', Object(Zend\Mvc\MvcEvent))
#8 I:\przedszkole\vendor\zendframework\zendframework\library\Zend\Mvc\Application.php(327): Zend\Mvc\Application->completeRequest(Object(Zend\Mvc\MvcEvent))
#9 I:\przedszkole\public\index.php(17): Zend\Mvc\Application->run()
#10 {main}
2015-03-26T19:04:25+01:00 CRIT (2): exception 'Zend\View\Exception\RuntimeException' with message 'Zend\View\Renderer\PhpRenderer::render: Unable to render template "cms-ir/system/create-thumb"; resolver could not resolve to a file' in I:\przedszkole\vendor\zendframework\zendframework\library\Zend\View\Renderer\PhpRenderer.php:498
Stack trace:
#0 I:\przedszkole\vendor\zendframework\zendframework\library\Zend\View\View.php(205): Zend\View\Renderer\PhpRenderer->render(Object(Zend\View\Model\ViewModel))
#1 I:\przedszkole\vendor\zendframework\zendframework\library\Zend\View\View.php(233): Zend\View\View->render(Object(Zend\View\Model\ViewModel))
#2 I:\przedszkole\vendor\zendframework\zendframework\library\Zend\View\View.php(198): Zend\View\View->renderChildren(Object(Zend\View\Model\ViewModel))
#3 I:\przedszkole\vendor\zendframework\zendframework\library\Zend\Mvc\View\Http\DefaultRenderingStrategy.php(103): Zend\View\View->render(Object(Zend\View\Model\ViewModel))
#4 [internal function]: Zend\Mvc\View\Http\DefaultRenderingStrategy->render(Object(Zend\Mvc\MvcEvent))
#5 I:\przedszkole\vendor\zendframework\zendframework\library\Zend\EventManager\EventManager.php(468): call_user_func(Array, Object(Zend\Mvc\MvcEvent))
#6 I:\przedszkole\vendor\zendframework\zendframework\library\Zend\EventManager\EventManager.php(207): Zend\EventManager\EventManager->triggerListeners('render', Object(Zend\Mvc\MvcEvent), Array)
#7 I:\przedszkole\vendor\zendframework\zendframework\library\Zend\Mvc\Application.php(352): Zend\EventManager\EventManager->trigger('render', Object(Zend\Mvc\MvcEvent))
#8 I:\przedszkole\vendor\zendframework\zendframework\library\Zend\Mvc\Application.php(327): Zend\Mvc\Application->completeRequest(Object(Zend\Mvc\MvcEvent))
#9 I:\przedszkole\public\index.php(17): Zend\Mvc\Application->run()
#10 {main}
