2015-03-14T10:35:38+01:00 CRIT (2): exception 'Zend\Mvc\Router\Exception\RuntimeException' with message 'Route with name "menu-list" not found' in C:\xampp\htdocs\web-ir\przedszkole\vendor\zendframework\zendframework\library\Zend\Mvc\Router\Http\TreeRouteStack.php:317
Stack trace:
#0 C:\xampp\htdocs\web-ir\przedszkole\vendor\zendframework\zendframework\library\Zend\Navigation\Page\Mvc.php(260): Zend\Mvc\Router\Http\TreeRouteStack->assemble(Array, Array)
#1 C:\xampp\htdocs\web-ir\przedszkole\vendor\cms-ir\cms-ir\src\CmsIr\Dashboard\view\partial\dashboard-sidebar-nav.phtml(71): Zend\Navigation\Page\Mvc->getHref()
#2 C:\xampp\htdocs\web-ir\przedszkole\vendor\zendframework\zendframework\library\Zend\View\Renderer\PhpRenderer.php(506): include('C:\xampp\htdocs...')
#3 C:\xampp\htdocs\web-ir\przedszkole\vendor\zendframework\zendframework\library\Zend\View\Helper\Partial.php(61): Zend\View\Renderer\PhpRenderer->render('partial/sidebar...', Array)
#4 C:\xampp\htdocs\web-ir\przedszkole\vendor\zendframework\zendframework\library\Zend\View\Helper\Navigation\Menu.php(433): Zend\View\Helper\Partial->__invoke('partial/sidebar...', Array)
#5 C:\xampp\htdocs\web-ir\przedszkole\vendor\zendframework\zendframework\library\Zend\View\Helper\Navigation\Menu.php(107): Zend\View\Helper\Navigation\Menu->renderPartial(NULL, 'partial/sidebar...')
#6 C:\xampp\htdocs\web-ir\przedszkole\vendor\cms-ir\cms-ir\src\CmsIr\Dashboard\view\layout\dashboard.phtml(47): Zend\View\Helper\Navigation\Menu->render()
#7 C:\xampp\htdocs\web-ir\przedszkole\vendor\zendframework\zendframework\library\Zend\View\Renderer\PhpRenderer.php(506): include('C:\xampp\htdocs...')
#8 C:\xampp\htdocs\web-ir\przedszkole\vendor\zendframework\zendframework\library\Zend\View\View.php(205): Zend\View\Renderer\PhpRenderer->render(Object(Zend\View\Model\ViewModel))
#9 C:\xampp\htdocs\web-ir\przedszkole\vendor\zendframework\zendframework\library\Zend\Mvc\View\Http\DefaultRenderingStrategy.php(103): Zend\View\View->render(Object(Zend\View\Model\ViewModel))
#10 [internal function]: Zend\Mvc\View\Http\DefaultRenderingStrategy->render(Object(Zend\Mvc\MvcEvent))
#11 C:\xampp\htdocs\web-ir\przedszkole\vendor\zendframework\zendframework\library\Zend\EventManager\EventManager.php(468): call_user_func(Array, Object(Zend\Mvc\MvcEvent))
#12 C:\xampp\htdocs\web-ir\przedszkole\vendor\zendframework\zendframework\library\Zend\EventManager\EventManager.php(207): Zend\EventManager\EventManager->triggerListeners('render', Object(Zend\Mvc\MvcEvent), Array)
#13 C:\xampp\htdocs\web-ir\przedszkole\vendor\zendframework\zendframework\library\Zend\Mvc\Application.php(352): Zend\EventManager\EventManager->trigger('render', Object(Zend\Mvc\MvcEvent))
#14 C:\xampp\htdocs\web-ir\przedszkole\vendor\zendframework\zendframework\library\Zend\Mvc\Application.php(327): Zend\Mvc\Application->completeRequest(Object(Zend\Mvc\MvcEvent))
#15 C:\xampp\htdocs\web-ir\przedszkole\public\index.php(17): Zend\Mvc\Application->run()
#16 {main}
2015-03-14T10:36:09+01:00 CRIT (2): exception 'Zend\Mvc\Router\Exception\RuntimeException' with message 'Route with name "menu-list" not found' in C:\xampp\htdocs\web-ir\przedszkole\vendor\zendframework\zendframework\library\Zend\Mvc\Router\Http\TreeRouteStack.php:317
Stack trace:
#0 C:\xampp\htdocs\web-ir\przedszkole\vendor\zendframework\zendframework\library\Zend\Navigation\Page\Mvc.php(260): Zend\Mvc\Router\Http\TreeRouteStack->assemble(Array, Array)
#1 C:\xampp\htdocs\web-ir\przedszkole\vendor\cms-ir\cms-ir\src\CmsIr\Dashboard\view\partial\dashboard-sidebar-nav.phtml(71): Zend\Navigation\Page\Mvc->getHref()
#2 C:\xampp\htdocs\web-ir\przedszkole\vendor\zendframework\zendframework\library\Zend\View\Renderer\PhpRenderer.php(506): include('C:\xampp\htdocs...')
#3 C:\xampp\htdocs\web-ir\przedszkole\vendor\zendframework\zendframework\library\Zend\View\Helper\Partial.php(61): Zend\View\Renderer\PhpRenderer->render('partial/sidebar...', Array)
#4 C:\xampp\htdocs\web-ir\przedszkole\vendor\zendframework\zendframework\library\Zend\View\Helper\Navigation\Menu.php(433): Zend\View\Helper\Partial->__invoke('partial/sidebar...', Array)
#5 C:\xampp\htdocs\web-ir\przedszkole\vendor\zendframework\zendframework\library\Zend\View\Helper\Navigation\Menu.php(107): Zend\View\Helper\Navigation\Menu->renderPartial(NULL, 'partial/sidebar...')
#6 C:\xampp\htdocs\web-ir\przedszkole\vendor\cms-ir\cms-ir\src\CmsIr\Dashboard\view\layout\dashboard.phtml(47): Zend\View\Helper\Navigation\Menu->render()
#7 C:\xampp\htdocs\web-ir\przedszkole\vendor\zendframework\zendframework\library\Zend\View\Renderer\PhpRenderer.php(506): include('C:\xampp\htdocs...')
#8 C:\xampp\htdocs\web-ir\przedszkole\vendor\zendframework\zendframework\library\Zend\View\View.php(205): Zend\View\Renderer\PhpRenderer->render(Object(Zend\View\Model\ViewModel))
#9 C:\xampp\htdocs\web-ir\przedszkole\vendor\zendframework\zendframework\library\Zend\Mvc\View\Http\DefaultRenderingStrategy.php(103): Zend\View\View->render(Object(Zend\View\Model\ViewModel))
#10 [internal function]: Zend\Mvc\View\Http\DefaultRenderingStrategy->render(Object(Zend\Mvc\MvcEvent))
#11 C:\xampp\htdocs\web-ir\przedszkole\vendor\zendframework\zendframework\library\Zend\EventManager\EventManager.php(468): call_user_func(Array, Object(Zend\Mvc\MvcEvent))
#12 C:\xampp\htdocs\web-ir\przedszkole\vendor\zendframework\zendframework\library\Zend\EventManager\EventManager.php(207): Zend\EventManager\EventManager->triggerListeners('render', Object(Zend\Mvc\MvcEvent), Array)
#13 C:\xampp\htdocs\web-ir\przedszkole\vendor\zendframework\zendframework\library\Zend\Mvc\Application.php(352): Zend\EventManager\EventManager->trigger('render', Object(Zend\Mvc\MvcEvent))
#14 C:\xampp\htdocs\web-ir\przedszkole\vendor\zendframework\zendframework\library\Zend\Mvc\Application.php(327): Zend\Mvc\Application->completeRequest(Object(Zend\Mvc\MvcEvent))
#15 C:\xampp\htdocs\web-ir\przedszkole\public\index.php(17): Zend\Mvc\Application->run()
#16 {main}
2015-03-14T10:38:59+01:00 CRIT (2): exception 'Zend\Mvc\Router\Exception\RuntimeException' with message 'Route with name "menu-list" not found' in C:\xampp\htdocs\web-ir\przedszkole\vendor\zendframework\zendframework\library\Zend\Mvc\Router\Http\TreeRouteStack.php:317
Stack trace:
#0 C:\xampp\htdocs\web-ir\przedszkole\vendor\zendframework\zendframework\library\Zend\Navigation\Page\Mvc.php(260): Zend\Mvc\Router\Http\TreeRouteStack->assemble(Array, Array)
#1 C:\xampp\htdocs\web-ir\przedszkole\vendor\cms-ir\cms-ir\src\CmsIr\Dashboard\view\partial\dashboard-sidebar-nav.phtml(71): Zend\Navigation\Page\Mvc->getHref()
#2 C:\xampp\htdocs\web-ir\przedszkole\vendor\zendframework\zendframework\library\Zend\View\Renderer\PhpRenderer.php(506): include('C:\xampp\htdocs...')
#3 C:\xampp\htdocs\web-ir\przedszkole\vendor\zendframework\zendframework\library\Zend\View\Helper\Partial.php(61): Zend\View\Renderer\PhpRenderer->render('partial/sidebar...', Array)
#4 C:\xampp\htdocs\web-ir\przedszkole\vendor\zendframework\zendframework\library\Zend\View\Helper\Navigation\Menu.php(433): Zend\View\Helper\Partial->__invoke('partial/sidebar...', Array)
#5 C:\xampp\htdocs\web-ir\przedszkole\vendor\zendframework\zendframework\library\Zend\View\Helper\Navigation\Menu.php(107): Zend\View\Helper\Navigation\Menu->renderPartial(NULL, 'partial/sidebar...')
#6 C:\xampp\htdocs\web-ir\przedszkole\vendor\cms-ir\cms-ir\src\CmsIr\Dashboard\view\layout\dashboard.phtml(47): Zend\View\Helper\Navigation\Menu->render()
#7 C:\xampp\htdocs\web-ir\przedszkole\vendor\zendframework\zendframework\library\Zend\View\Renderer\PhpRenderer.php(506): include('C:\xampp\htdocs...')
#8 C:\xampp\htdocs\web-ir\przedszkole\vendor\zendframework\zendframework\library\Zend\View\View.php(205): Zend\View\Renderer\PhpRenderer->render(Object(Zend\View\Model\ViewModel))
#9 C:\xampp\htdocs\web-ir\przedszkole\vendor\zendframework\zendframework\library\Zend\Mvc\View\Http\DefaultRenderingStrategy.php(103): Zend\View\View->render(Object(Zend\View\Model\ViewModel))
#10 [internal function]: Zend\Mvc\View\Http\DefaultRenderingStrategy->render(Object(Zend\Mvc\MvcEvent))
#11 C:\xampp\htdocs\web-ir\przedszkole\vendor\zendframework\zendframework\library\Zend\EventManager\EventManager.php(468): call_user_func(Array, Object(Zend\Mvc\MvcEvent))
#12 C:\xampp\htdocs\web-ir\przedszkole\vendor\zendframework\zendframework\library\Zend\EventManager\EventManager.php(207): Zend\EventManager\EventManager->triggerListeners('render', Object(Zend\Mvc\MvcEvent), Array)
#13 C:\xampp\htdocs\web-ir\przedszkole\vendor\zendframework\zendframework\library\Zend\Mvc\Application.php(352): Zend\EventManager\EventManager->trigger('render', Object(Zend\Mvc\MvcEvent))
#14 C:\xampp\htdocs\web-ir\przedszkole\vendor\zendframework\zendframework\library\Zend\Mvc\Application.php(327): Zend\Mvc\Application->completeRequest(Object(Zend\Mvc\MvcEvent))
#15 C:\xampp\htdocs\web-ir\przedszkole\public\index.php(17): Zend\Mvc\Application->run()
#16 {main}
2015-03-14T19:57:38+01:00 CRIT (2): exception 'PDOException' with message 'SQLSTATE[42S22]: Column not found: 1054 Unknown column 'date' in 'field list'' in C:\xampp\htdocs\web-ir\przedszkole\vendor\zendframework\zendframework\library\Zend\Db\Adapter\Driver\Pdo\Statement.php:239
Stack trace:
#0 C:\xampp\htdocs\web-ir\przedszkole\vendor\zendframework\zendframework\library\Zend\Db\Adapter\Driver\Pdo\Statement.php(239): PDOStatement->execute()
#1 C:\xampp\htdocs\web-ir\przedszkole\vendor\zendframework\zendframework\library\Zend\Db\TableGateway\AbstractTableGateway.php(291): Zend\Db\Adapter\Driver\Pdo\Statement->execute()
#2 C:\xampp\htdocs\web-ir\przedszkole\vendor\zendframework\zendframework\library\Zend\Db\TableGateway\AbstractTableGateway.php(258): Zend\Db\TableGateway\AbstractTableGateway->executeInsert(Object(Zend\Db\Sql\Insert))
#3 C:\xampp\htdocs\web-ir\przedszkole\vendor\cms-ir\cms-ir\src\CmsIr\Post\src\Post\Model\PostTable.php(52): Zend\Db\TableGateway\AbstractTableGateway->insert(Array)
#4 C:\xampp\htdocs\web-ir\przedszkole\vendor\cms-ir\cms-ir\src\CmsIr\Post\src\Post\Controller\PostController.php(80): CmsIr\Post\Model\PostTable->save(Object(CmsIr\Post\Model\Post))
#5 C:\xampp\htdocs\web-ir\przedszkole\vendor\zendframework\zendframework\library\Zend\Mvc\Controller\AbstractActionController.php(83): CmsIr\Post\Controller\PostController->createPostAction()
#6 [internal function]: Zend\Mvc\Controller\AbstractActionController->onDispatch(Object(Zend\Mvc\MvcEvent))
#7 C:\xampp\htdocs\web-ir\przedszkole\vendor\zendframework\zendframework\library\Zend\EventManager\EventManager.php(468): call_user_func(Array, Object(Zend\Mvc\MvcEvent))
#8 C:\xampp\htdocs\web-ir\przedszkole\vendor\zendframework\zendframework\library\Zend\EventManager\EventManager.php(207): Zend\EventManager\EventManager->triggerListeners('dispatch', Object(Zend\Mvc\MvcEvent), Object(Closure))
#9 C:\xampp\htdocs\web-ir\przedszkole\vendor\zendframework\zendframework\library\Zend\Mvc\Controller\AbstractController.php(116): Zend\EventManager\EventManager->trigger('dispatch', Object(Zend\Mvc\MvcEvent), Object(Closure))
#10 C:\xampp\htdocs\web-ir\przedszkole\vendor\zendframework\zendframework\library\Zend\Mvc\DispatchListener.php(113): Zend\Mvc\Controller\AbstractController->dispatch(Object(Zend\Http\PhpEnvironment\Request), Object(Zend\Http\PhpEnvironment\Response))
#11 [internal function]: Zend\Mvc\DispatchListener->onDispatch(Object(Zend\Mvc\MvcEvent))
#12 C:\xampp\htdocs\web-ir\przedszkole\vendor\zendframework\zendframework\library\Zend\EventManager\EventManager.php(468): call_user_func(Array, Object(Zend\Mvc\MvcEvent))
#13 C:\xampp\htdocs\web-ir\przedszkole\vendor\zendframework\zendframework\library\Zend\EventManager\EventManager.php(207): Zend\EventManager\EventManager->triggerListeners('dispatch', Object(Zend\Mvc\MvcEvent), Object(Closure))
#14 C:\xampp\htdocs\web-ir\przedszkole\vendor\zendframework\zendframework\library\Zend\Mvc\Application.php(313): Zend\EventManager\EventManager->trigger('dispatch', Object(Zend\Mvc\MvcEvent), Object(Closure))
#15 C:\xampp\htdocs\web-ir\przedszkole\public\index.php(17): Zend\Mvc\Application->run()
#16 {main}

Next exception 'Zend\Db\Adapter\Exception\InvalidQueryException' with message 'Statement could not be executed (42S22 - 1054 - Unknown column 'date' in 'field list')' in C:\xampp\htdocs\web-ir\przedszkole\vendor\zendframework\zendframework\library\Zend\Db\Adapter\Driver\Pdo\Statement.php:244
Stack trace:
#0 C:\xampp\htdocs\web-ir\przedszkole\vendor\zendframework\zendframework\library\Zend\Db\TableGateway\AbstractTableGateway.php(291): Zend\Db\Adapter\Driver\Pdo\Statement->execute()
#1 C:\xampp\htdocs\web-ir\przedszkole\vendor\zendframework\zendframework\library\Zend\Db\TableGateway\AbstractTableGateway.php(258): Zend\Db\TableGateway\AbstractTableGateway->executeInsert(Object(Zend\Db\Sql\Insert))
#2 C:\xampp\htdocs\web-ir\przedszkole\vendor\cms-ir\cms-ir\src\CmsIr\Post\src\Post\Model\PostTable.php(52): Zend\Db\TableGateway\AbstractTableGateway->insert(Array)
#3 C:\xampp\htdocs\web-ir\przedszkole\vendor\cms-ir\cms-ir\src\CmsIr\Post\src\Post\Controller\PostController.php(80): CmsIr\Post\Model\PostTable->save(Object(CmsIr\Post\Model\Post))
#4 C:\xampp\htdocs\web-ir\przedszkole\vendor\zendframework\zendframework\library\Zend\Mvc\Controller\AbstractActionController.php(83): CmsIr\Post\Controller\PostController->createPostAction()
#5 [internal function]: Zend\Mvc\Controller\AbstractActionController->onDispatch(Object(Zend\Mvc\MvcEvent))
#6 C:\xampp\htdocs\web-ir\przedszkole\vendor\zendframework\zendframework\library\Zend\EventManager\EventManager.php(468): call_user_func(Array, Object(Zend\Mvc\MvcEvent))
#7 C:\xampp\htdocs\web-ir\przedszkole\vendor\zendframework\zendframework\library\Zend\EventManager\EventManager.php(207): Zend\EventManager\EventManager->triggerListeners('dispatch', Object(Zend\Mvc\MvcEvent), Object(Closure))
#8 C:\xampp\htdocs\web-ir\przedszkole\vendor\zendframework\zendframework\library\Zend\Mvc\Controller\AbstractController.php(116): Zend\EventManager\EventManager->trigger('dispatch', Object(Zend\Mvc\MvcEvent), Object(Closure))
#9 C:\xampp\htdocs\web-ir\przedszkole\vendor\zendframework\zendframework\library\Zend\Mvc\DispatchListener.php(113): Zend\Mvc\Controller\AbstractController->dispatch(Object(Zend\Http\PhpEnvironment\Request), Object(Zend\Http\PhpEnvironment\Response))
#10 [internal function]: Zend\Mvc\DispatchListener->onDispatch(Object(Zend\Mvc\MvcEvent))
#11 C:\xampp\htdocs\web-ir\przedszkole\vendor\zendframework\zendframework\library\Zend\EventManager\EventManager.php(468): call_user_func(Array, Object(Zend\Mvc\MvcEvent))
#12 C:\xampp\htdocs\web-ir\przedszkole\vendor\zendframework\zendframework\library\Zend\EventManager\EventManager.php(207): Zend\EventManager\EventManager->triggerListeners('dispatch', Object(Zend\Mvc\MvcEvent), Object(Closure))
#13 C:\xampp\htdocs\web-ir\przedszkole\vendor\zendframework\zendframework\library\Zend\Mvc\Application.php(313): Zend\EventManager\EventManager->trigger('dispatch', Object(Zend\Mvc\MvcEvent), Object(Closure))
#14 C:\xampp\htdocs\web-ir\przedszkole\public\index.php(17): Zend\Mvc\Application->run()
#15 {main}
2015-03-14T19:58:42+01:00 CRIT (2): exception 'PDOException' with message 'SQLSTATE[42S22]: Column not found: 1054 Unknown column 'date' in 'field list'' in C:\xampp\htdocs\web-ir\przedszkole\vendor\zendframework\zendframework\library\Zend\Db\Adapter\Driver\Pdo\Statement.php:239
Stack trace:
#0 C:\xampp\htdocs\web-ir\przedszkole\vendor\zendframework\zendframework\library\Zend\Db\Adapter\Driver\Pdo\Statement.php(239): PDOStatement->execute()
#1 C:\xampp\htdocs\web-ir\przedszkole\vendor\zendframework\zendframework\library\Zend\Db\TableGateway\AbstractTableGateway.php(291): Zend\Db\Adapter\Driver\Pdo\Statement->execute()
#2 C:\xampp\htdocs\web-ir\przedszkole\vendor\zendframework\zendframework\library\Zend\Db\TableGateway\AbstractTableGateway.php(258): Zend\Db\TableGateway\AbstractTableGateway->executeInsert(Object(Zend\Db\Sql\Insert))
#3 C:\xampp\htdocs\web-ir\przedszkole\vendor\cms-ir\cms-ir\src\CmsIr\Post\src\Post\Model\PostTable.php(52): Zend\Db\TableGateway\AbstractTableGateway->insert(Array)
#4 C:\xampp\htdocs\web-ir\przedszkole\vendor\cms-ir\cms-ir\src\CmsIr\Post\src\Post\Controller\PostController.php(80): CmsIr\Post\Model\PostTable->save(Object(CmsIr\Post\Model\Post))
#5 C:\xampp\htdocs\web-ir\przedszkole\vendor\zendframework\zendframework\library\Zend\Mvc\Controller\AbstractActionController.php(83): CmsIr\Post\Controller\PostController->createPostAction()
#6 [internal function]: Zend\Mvc\Controller\AbstractActionController->onDispatch(Object(Zend\Mvc\MvcEvent))
#7 C:\xampp\htdocs\web-ir\przedszkole\vendor\zendframework\zendframework\library\Zend\EventManager\EventManager.php(468): call_user_func(Array, Object(Zend\Mvc\MvcEvent))
#8 C:\xampp\htdocs\web-ir\przedszkole\vendor\zendframework\zendframework\library\Zend\EventManager\EventManager.php(207): Zend\EventManager\EventManager->triggerListeners('dispatch', Object(Zend\Mvc\MvcEvent), Object(Closure))
#9 C:\xampp\htdocs\web-ir\przedszkole\vendor\zendframework\zendframework\library\Zend\Mvc\Controller\AbstractController.php(116): Zend\EventManager\EventManager->trigger('dispatch', Object(Zend\Mvc\MvcEvent), Object(Closure))
#10 C:\xampp\htdocs\web-ir\przedszkole\vendor\zendframework\zendframework\library\Zend\Mvc\DispatchListener.php(113): Zend\Mvc\Controller\AbstractController->dispatch(Object(Zend\Http\PhpEnvironment\Request), Object(Zend\Http\PhpEnvironment\Response))
#11 [internal function]: Zend\Mvc\DispatchListener->onDispatch(Object(Zend\Mvc\MvcEvent))
#12 C:\xampp\htdocs\web-ir\przedszkole\vendor\zendframework\zendframework\library\Zend\EventManager\EventManager.php(468): call_user_func(Array, Object(Zend\Mvc\MvcEvent))
#13 C:\xampp\htdocs\web-ir\przedszkole\vendor\zendframework\zendframework\library\Zend\EventManager\EventManager.php(207): Zend\EventManager\EventManager->triggerListeners('dispatch', Object(Zend\Mvc\MvcEvent), Object(Closure))
#14 C:\xampp\htdocs\web-ir\przedszkole\vendor\zendframework\zendframework\library\Zend\Mvc\Application.php(313): Zend\EventManager\EventManager->trigger('dispatch', Object(Zend\Mvc\MvcEvent), Object(Closure))
#15 C:\xampp\htdocs\web-ir\przedszkole\public\index.php(17): Zend\Mvc\Application->run()
#16 {main}

Next exception 'Zend\Db\Adapter\Exception\InvalidQueryException' with message 'Statement could not be executed (42S22 - 1054 - Unknown column 'date' in 'field list')' in C:\xampp\htdocs\web-ir\przedszkole\vendor\zendframework\zendframework\library\Zend\Db\Adapter\Driver\Pdo\Statement.php:244
Stack trace:
#0 C:\xampp\htdocs\web-ir\przedszkole\vendor\zendframework\zendframework\library\Zend\Db\TableGateway\AbstractTableGateway.php(291): Zend\Db\Adapter\Driver\Pdo\Statement->execute()
#1 C:\xampp\htdocs\web-ir\przedszkole\vendor\zendframework\zendframework\library\Zend\Db\TableGateway\AbstractTableGateway.php(258): Zend\Db\TableGateway\AbstractTableGateway->executeInsert(Object(Zend\Db\Sql\Insert))
#2 C:\xampp\htdocs\web-ir\przedszkole\vendor\cms-ir\cms-ir\src\CmsIr\Post\src\Post\Model\PostTable.php(52): Zend\Db\TableGateway\AbstractTableGateway->insert(Array)
#3 C:\xampp\htdocs\web-ir\przedszkole\vendor\cms-ir\cms-ir\src\CmsIr\Post\src\Post\Controller\PostController.php(80): CmsIr\Post\Model\PostTable->save(Object(CmsIr\Post\Model\Post))
#4 C:\xampp\htdocs\web-ir\przedszkole\vendor\zendframework\zendframework\library\Zend\Mvc\Controller\AbstractActionController.php(83): CmsIr\Post\Controller\PostController->createPostAction()
#5 [internal function]: Zend\Mvc\Controller\AbstractActionController->onDispatch(Object(Zend\Mvc\MvcEvent))
#6 C:\xampp\htdocs\web-ir\przedszkole\vendor\zendframework\zendframework\library\Zend\EventManager\EventManager.php(468): call_user_func(Array, Object(Zend\Mvc\MvcEvent))
#7 C:\xampp\htdocs\web-ir\przedszkole\vendor\zendframework\zendframework\library\Zend\EventManager\EventManager.php(207): Zend\EventManager\EventManager->triggerListeners('dispatch', Object(Zend\Mvc\MvcEvent), Object(Closure))
#8 C:\xampp\htdocs\web-ir\przedszkole\vendor\zendframework\zendframework\library\Zend\Mvc\Controller\AbstractController.php(116): Zend\EventManager\EventManager->trigger('dispatch', Object(Zend\Mvc\MvcEvent), Object(Closure))
#9 C:\xampp\htdocs\web-ir\przedszkole\vendor\zendframework\zendframework\library\Zend\Mvc\DispatchListener.php(113): Zend\Mvc\Controller\AbstractController->dispatch(Object(Zend\Http\PhpEnvironment\Request), Object(Zend\Http\PhpEnvironment\Response))
#10 [internal function]: Zend\Mvc\DispatchListener->onDispatch(Object(Zend\Mvc\MvcEvent))
#11 C:\xampp\htdocs\web-ir\przedszkole\vendor\zendframework\zendframework\library\Zend\EventManager\EventManager.php(468): call_user_func(Array, Object(Zend\Mvc\MvcEvent))
#12 C:\xampp\htdocs\web-ir\przedszkole\vendor\zendframework\zendframework\library\Zend\EventManager\EventManager.php(207): Zend\EventManager\EventManager->triggerListeners('dispatch', Object(Zend\Mvc\MvcEvent), Object(Closure))
#13 C:\xampp\htdocs\web-ir\przedszkole\vendor\zendframework\zendframework\library\Zend\Mvc\Application.php(313): Zend\EventManager\EventManager->trigger('dispatch', Object(Zend\Mvc\MvcEvent), Object(Closure))
#14 C:\xampp\htdocs\web-ir\przedszkole\public\index.php(17): Zend\Mvc\Application->run()
#15 {main}
2015-03-14T20:00:31+01:00 CRIT (2): exception 'PDOException' with message 'SQLSTATE[42S22]: Column not found: 1054 Unknown column 'date' in 'field list'' in C:\xampp\htdocs\web-ir\przedszkole\vendor\zendframework\zendframework\library\Zend\Db\Adapter\Driver\Pdo\Statement.php:239
Stack trace:
#0 C:\xampp\htdocs\web-ir\przedszkole\vendor\zendframework\zendframework\library\Zend\Db\Adapter\Driver\Pdo\Statement.php(239): PDOStatement->execute()
#1 C:\xampp\htdocs\web-ir\przedszkole\vendor\zendframework\zendframework\library\Zend\Db\TableGateway\AbstractTableGateway.php(291): Zend\Db\Adapter\Driver\Pdo\Statement->execute()
#2 C:\xampp\htdocs\web-ir\przedszkole\vendor\zendframework\zendframework\library\Zend\Db\TableGateway\AbstractTableGateway.php(258): Zend\Db\TableGateway\AbstractTableGateway->executeInsert(Object(Zend\Db\Sql\Insert))
#3 C:\xampp\htdocs\web-ir\przedszkole\vendor\cms-ir\cms-ir\src\CmsIr\Post\src\Post\Model\PostTable.php(53): Zend\Db\TableGateway\AbstractTableGateway->insert(Array)
#4 C:\xampp\htdocs\web-ir\przedszkole\vendor\cms-ir\cms-ir\src\CmsIr\Post\src\Post\Controller\PostController.php(79): CmsIr\Post\Model\PostTable->save(Object(CmsIr\Post\Model\Post))
#5 C:\xampp\htdocs\web-ir\przedszkole\vendor\zendframework\zendframework\library\Zend\Mvc\Controller\AbstractActionController.php(83): CmsIr\Post\Controller\PostController->createPostAction()
#6 [internal function]: Zend\Mvc\Controller\AbstractActionController->onDispatch(Object(Zend\Mvc\MvcEvent))
#7 C:\xampp\htdocs\web-ir\przedszkole\vendor\zendframework\zendframework\library\Zend\EventManager\EventManager.php(468): call_user_func(Array, Object(Zend\Mvc\MvcEvent))
#8 C:\xampp\htdocs\web-ir\przedszkole\vendor\zendframework\zendframework\library\Zend\EventManager\EventManager.php(207): Zend\EventManager\EventManager->triggerListeners('dispatch', Object(Zend\Mvc\MvcEvent), Object(Closure))
#9 C:\xampp\htdocs\web-ir\przedszkole\vendor\zendframework\zendframework\library\Zend\Mvc\Controller\AbstractController.php(116): Zend\EventManager\EventManager->trigger('dispatch', Object(Zend\Mvc\MvcEvent), Object(Closure))
#10 C:\xampp\htdocs\web-ir\przedszkole\vendor\zendframework\zendframework\library\Zend\Mvc\DispatchListener.php(113): Zend\Mvc\Controller\AbstractController->dispatch(Object(Zend\Http\PhpEnvironment\Request), Object(Zend\Http\PhpEnvironment\Response))
#11 [internal function]: Zend\Mvc\DispatchListener->onDispatch(Object(Zend\Mvc\MvcEvent))
#12 C:\xampp\htdocs\web-ir\przedszkole\vendor\zendframework\zendframework\library\Zend\EventManager\EventManager.php(468): call_user_func(Array, Object(Zend\Mvc\MvcEvent))
#13 C:\xampp\htdocs\web-ir\przedszkole\vendor\zendframework\zendframework\library\Zend\EventManager\EventManager.php(207): Zend\EventManager\EventManager->triggerListeners('dispatch', Object(Zend\Mvc\MvcEvent), Object(Closure))
#14 C:\xampp\htdocs\web-ir\przedszkole\vendor\zendframework\zendframework\library\Zend\Mvc\Application.php(313): Zend\EventManager\EventManager->trigger('dispatch', Object(Zend\Mvc\MvcEvent), Object(Closure))
#15 C:\xampp\htdocs\web-ir\przedszkole\public\index.php(17): Zend\Mvc\Application->run()
#16 {main}

Next exception 'Zend\Db\Adapter\Exception\InvalidQueryException' with message 'Statement could not be executed (42S22 - 1054 - Unknown column 'date' in 'field list')' in C:\xampp\htdocs\web-ir\przedszkole\vendor\zendframework\zendframework\library\Zend\Db\Adapter\Driver\Pdo\Statement.php:244
Stack trace:
#0 C:\xampp\htdocs\web-ir\przedszkole\vendor\zendframework\zendframework\library\Zend\Db\TableGateway\AbstractTableGateway.php(291): Zend\Db\Adapter\Driver\Pdo\Statement->execute()
#1 C:\xampp\htdocs\web-ir\przedszkole\vendor\zendframework\zendframework\library\Zend\Db\TableGateway\AbstractTableGateway.php(258): Zend\Db\TableGateway\AbstractTableGateway->executeInsert(Object(Zend\Db\Sql\Insert))
#2 C:\xampp\htdocs\web-ir\przedszkole\vendor\cms-ir\cms-ir\src\CmsIr\Post\src\Post\Model\PostTable.php(53): Zend\Db\TableGateway\AbstractTableGateway->insert(Array)
#3 C:\xampp\htdocs\web-ir\przedszkole\vendor\cms-ir\cms-ir\src\CmsIr\Post\src\Post\Controller\PostController.php(79): CmsIr\Post\Model\PostTable->save(Object(CmsIr\Post\Model\Post))
#4 C:\xampp\htdocs\web-ir\przedszkole\vendor\zendframework\zendframework\library\Zend\Mvc\Controller\AbstractActionController.php(83): CmsIr\Post\Controller\PostController->createPostAction()
#5 [internal function]: Zend\Mvc\Controller\AbstractActionController->onDispatch(Object(Zend\Mvc\MvcEvent))
#6 C:\xampp\htdocs\web-ir\przedszkole\vendor\zendframework\zendframework\library\Zend\EventManager\EventManager.php(468): call_user_func(Array, Object(Zend\Mvc\MvcEvent))
#7 C:\xampp\htdocs\web-ir\przedszkole\vendor\zendframework\zendframework\library\Zend\EventManager\EventManager.php(207): Zend\EventManager\EventManager->triggerListeners('dispatch', Object(Zend\Mvc\MvcEvent), Object(Closure))
#8 C:\xampp\htdocs\web-ir\przedszkole\vendor\zendframework\zendframework\library\Zend\Mvc\Controller\AbstractController.php(116): Zend\EventManager\EventManager->trigger('dispatch', Object(Zend\Mvc\MvcEvent), Object(Closure))
#9 C:\xampp\htdocs\web-ir\przedszkole\vendor\zendframework\zendframework\library\Zend\Mvc\DispatchListener.php(113): Zend\Mvc\Controller\AbstractController->dispatch(Object(Zend\Http\PhpEnvironment\Request), Object(Zend\Http\PhpEnvironment\Response))
#10 [internal function]: Zend\Mvc\DispatchListener->onDispatch(Object(Zend\Mvc\MvcEvent))
#11 C:\xampp\htdocs\web-ir\przedszkole\vendor\zendframework\zendframework\library\Zend\EventManager\EventManager.php(468): call_user_func(Array, Object(Zend\Mvc\MvcEvent))
#12 C:\xampp\htdocs\web-ir\przedszkole\vendor\zendframework\zendframework\library\Zend\EventManager\EventManager.php(207): Zend\EventManager\EventManager->triggerListeners('dispatch', Object(Zend\Mvc\MvcEvent), Object(Closure))
#13 C:\xampp\htdocs\web-ir\przedszkole\vendor\zendframework\zendframework\library\Zend\Mvc\Application.php(313): Zend\EventManager\EventManager->trigger('dispatch', Object(Zend\Mvc\MvcEvent), Object(Closure))
#14 C:\xampp\htdocs\web-ir\przedszkole\public\index.php(17): Zend\Mvc\Application->run()
#15 {main}
2015-03-14T20:02:24+01:00 CRIT (2): exception 'PDOException' with message 'SQLSTATE[42S22]: Column not found: 1054 Unknown column 'date' in 'field list'' in C:\xampp\htdocs\web-ir\przedszkole\vendor\zendframework\zendframework\library\Zend\Db\Adapter\Driver\Pdo\Statement.php:239
Stack trace:
#0 C:\xampp\htdocs\web-ir\przedszkole\vendor\zendframework\zendframework\library\Zend\Db\Adapter\Driver\Pdo\Statement.php(239): PDOStatement->execute()
#1 C:\xampp\htdocs\web-ir\przedszkole\vendor\zendframework\zendframework\library\Zend\Db\TableGateway\AbstractTableGateway.php(291): Zend\Db\Adapter\Driver\Pdo\Statement->execute()
#2 C:\xampp\htdocs\web-ir\przedszkole\vendor\zendframework\zendframework\library\Zend\Db\TableGateway\AbstractTableGateway.php(258): Zend\Db\TableGateway\AbstractTableGateway->executeInsert(Object(Zend\Db\Sql\Insert))
#3 C:\xampp\htdocs\web-ir\przedszkole\vendor\cms-ir\cms-ir\src\CmsIr\Post\src\Post\Model\PostTable.php(52): Zend\Db\TableGateway\AbstractTableGateway->insert(Array)
#4 C:\xampp\htdocs\web-ir\przedszkole\vendor\cms-ir\cms-ir\src\CmsIr\Post\src\Post\Controller\PostController.php(79): CmsIr\Post\Model\PostTable->save(Object(CmsIr\Post\Model\Post))
#5 C:\xampp\htdocs\web-ir\przedszkole\vendor\zendframework\zendframework\library\Zend\Mvc\Controller\AbstractActionController.php(83): CmsIr\Post\Controller\PostController->createPostAction()
#6 [internal function]: Zend\Mvc\Controller\AbstractActionController->onDispatch(Object(Zend\Mvc\MvcEvent))
#7 C:\xampp\htdocs\web-ir\przedszkole\vendor\zendframework\zendframework\library\Zend\EventManager\EventManager.php(468): call_user_func(Array, Object(Zend\Mvc\MvcEvent))
#8 C:\xampp\htdocs\web-ir\przedszkole\vendor\zendframework\zendframework\library\Zend\EventManager\EventManager.php(207): Zend\EventManager\EventManager->triggerListeners('dispatch', Object(Zend\Mvc\MvcEvent), Object(Closure))
#9 C:\xampp\htdocs\web-ir\przedszkole\vendor\zendframework\zendframework\library\Zend\Mvc\Controller\AbstractController.php(116): Zend\EventManager\EventManager->trigger('dispatch', Object(Zend\Mvc\MvcEvent), Object(Closure))
#10 C:\xampp\htdocs\web-ir\przedszkole\vendor\zendframework\zendframework\library\Zend\Mvc\DispatchListener.php(113): Zend\Mvc\Controller\AbstractController->dispatch(Object(Zend\Http\PhpEnvironment\Request), Object(Zend\Http\PhpEnvironment\Response))
#11 [internal function]: Zend\Mvc\DispatchListener->onDispatch(Object(Zend\Mvc\MvcEvent))
#12 C:\xampp\htdocs\web-ir\przedszkole\vendor\zendframework\zendframework\library\Zend\EventManager\EventManager.php(468): call_user_func(Array, Object(Zend\Mvc\MvcEvent))
#13 C:\xampp\htdocs\web-ir\przedszkole\vendor\zendframework\zendframework\library\Zend\EventManager\EventManager.php(207): Zend\EventManager\EventManager->triggerListeners('dispatch', Object(Zend\Mvc\MvcEvent), Object(Closure))
#14 C:\xampp\htdocs\web-ir\przedszkole\vendor\zendframework\zendframework\library\Zend\Mvc\Application.php(313): Zend\EventManager\EventManager->trigger('dispatch', Object(Zend\Mvc\MvcEvent), Object(Closure))
#15 C:\xampp\htdocs\web-ir\przedszkole\public\index.php(17): Zend\Mvc\Application->run()
#16 {main}

Next exception 'Zend\Db\Adapter\Exception\InvalidQueryException' with message 'Statement could not be executed (42S22 - 1054 - Unknown column 'date' in 'field list')' in C:\xampp\htdocs\web-ir\przedszkole\vendor\zendframework\zendframework\library\Zend\Db\Adapter\Driver\Pdo\Statement.php:244
Stack trace:
#0 C:\xampp\htdocs\web-ir\przedszkole\vendor\zendframework\zendframework\library\Zend\Db\TableGateway\AbstractTableGateway.php(291): Zend\Db\Adapter\Driver\Pdo\Statement->execute()
#1 C:\xampp\htdocs\web-ir\przedszkole\vendor\zendframework\zendframework\library\Zend\Db\TableGateway\AbstractTableGateway.php(258): Zend\Db\TableGateway\AbstractTableGateway->executeInsert(Object(Zend\Db\Sql\Insert))
#2 C:\xampp\htdocs\web-ir\przedszkole\vendor\cms-ir\cms-ir\src\CmsIr\Post\src\Post\Model\PostTable.php(52): Zend\Db\TableGateway\AbstractTableGateway->insert(Array)
#3 C:\xampp\htdocs\web-ir\przedszkole\vendor\cms-ir\cms-ir\src\CmsIr\Post\src\Post\Controller\PostController.php(79): CmsIr\Post\Model\PostTable->save(Object(CmsIr\Post\Model\Post))
#4 C:\xampp\htdocs\web-ir\przedszkole\vendor\zendframework\zendframework\library\Zend\Mvc\Controller\AbstractActionController.php(83): CmsIr\Post\Controller\PostController->createPostAction()
#5 [internal function]: Zend\Mvc\Controller\AbstractActionController->onDispatch(Object(Zend\Mvc\MvcEvent))
#6 C:\xampp\htdocs\web-ir\przedszkole\vendor\zendframework\zendframework\library\Zend\EventManager\EventManager.php(468): call_user_func(Array, Object(Zend\Mvc\MvcEvent))
#7 C:\xampp\htdocs\web-ir\przedszkole\vendor\zendframework\zendframework\library\Zend\EventManager\EventManager.php(207): Zend\EventManager\EventManager->triggerListeners('dispatch', Object(Zend\Mvc\MvcEvent), Object(Closure))
#8 C:\xampp\htdocs\web-ir\przedszkole\vendor\zendframework\zendframework\library\Zend\Mvc\Controller\AbstractController.php(116): Zend\EventManager\EventManager->trigger('dispatch', Object(Zend\Mvc\MvcEvent), Object(Closure))
#9 C:\xampp\htdocs\web-ir\przedszkole\vendor\zendframework\zendframework\library\Zend\Mvc\DispatchListener.php(113): Zend\Mvc\Controller\AbstractController->dispatch(Object(Zend\Http\PhpEnvironment\Request), Object(Zend\Http\PhpEnvironment\Response))
#10 [internal function]: Zend\Mvc\DispatchListener->onDispatch(Object(Zend\Mvc\MvcEvent))
#11 C:\xampp\htdocs\web-ir\przedszkole\vendor\zendframework\zendframework\library\Zend\EventManager\EventManager.php(468): call_user_func(Array, Object(Zend\Mvc\MvcEvent))
#12 C:\xampp\htdocs\web-ir\przedszkole\vendor\zendframework\zendframework\library\Zend\EventManager\EventManager.php(207): Zend\EventManager\EventManager->triggerListeners('dispatch', Object(Zend\Mvc\MvcEvent), Object(Closure))
#13 C:\xampp\htdocs\web-ir\przedszkole\vendor\zendframework\zendframework\library\Zend\Mvc\Application.php(313): Zend\EventManager\EventManager->trigger('dispatch', Object(Zend\Mvc\MvcEvent), Object(Closure))
#14 C:\xampp\htdocs\web-ir\przedszkole\public\index.php(17): Zend\Mvc\Application->run()
#15 {main}
2015-03-14T20:03:06+01:00 CRIT (2): exception 'PDOException' with message 'SQLSTATE[42S22]: Column not found: 1054 Unknown column 'date' in 'field list'' in C:\xampp\htdocs\web-ir\przedszkole\vendor\zendframework\zendframework\library\Zend\Db\Adapter\Driver\Pdo\Statement.php:239
Stack trace:
#0 C:\xampp\htdocs\web-ir\przedszkole\vendor\zendframework\zendframework\library\Zend\Db\Adapter\Driver\Pdo\Statement.php(239): PDOStatement->execute()
#1 C:\xampp\htdocs\web-ir\przedszkole\vendor\zendframework\zendframework\library\Zend\Db\TableGateway\AbstractTableGateway.php(291): Zend\Db\Adapter\Driver\Pdo\Statement->execute()
#2 C:\xampp\htdocs\web-ir\przedszkole\vendor\zendframework\zendframework\library\Zend\Db\TableGateway\AbstractTableGateway.php(258): Zend\Db\TableGateway\AbstractTableGateway->executeInsert(Object(Zend\Db\Sql\Insert))
#3 C:\xampp\htdocs\web-ir\przedszkole\vendor\cms-ir\cms-ir\src\CmsIr\Post\src\Post\Model\PostTable.php(52): Zend\Db\TableGateway\AbstractTableGateway->insert(Array)
#4 C:\xampp\htdocs\web-ir\przedszkole\vendor\cms-ir\cms-ir\src\CmsIr\Post\src\Post\Controller\PostController.php(79): CmsIr\Post\Model\PostTable->save(Object(CmsIr\Post\Model\Post))
#5 C:\xampp\htdocs\web-ir\przedszkole\vendor\zendframework\zendframework\library\Zend\Mvc\Controller\AbstractActionController.php(83): CmsIr\Post\Controller\PostController->createPostAction()
#6 [internal function]: Zend\Mvc\Controller\AbstractActionController->onDispatch(Object(Zend\Mvc\MvcEvent))
#7 C:\xampp\htdocs\web-ir\przedszkole\vendor\zendframework\zendframework\library\Zend\EventManager\EventManager.php(468): call_user_func(Array, Object(Zend\Mvc\MvcEvent))
#8 C:\xampp\htdocs\web-ir\przedszkole\vendor\zendframework\zendframework\library\Zend\EventManager\EventManager.php(207): Zend\EventManager\EventManager->triggerListeners('dispatch', Object(Zend\Mvc\MvcEvent), Object(Closure))
#9 C:\xampp\htdocs\web-ir\przedszkole\vendor\zendframework\zendframework\library\Zend\Mvc\Controller\AbstractController.php(116): Zend\EventManager\EventManager->trigger('dispatch', Object(Zend\Mvc\MvcEvent), Object(Closure))
#10 C:\xampp\htdocs\web-ir\przedszkole\vendor\zendframework\zendframework\library\Zend\Mvc\DispatchListener.php(113): Zend\Mvc\Controller\AbstractController->dispatch(Object(Zend\Http\PhpEnvironment\Request), Object(Zend\Http\PhpEnvironment\Response))
#11 [internal function]: Zend\Mvc\DispatchListener->onDispatch(Object(Zend\Mvc\MvcEvent))
#12 C:\xampp\htdocs\web-ir\przedszkole\vendor\zendframework\zendframework\library\Zend\EventManager\EventManager.php(468): call_user_func(Array, Object(Zend\Mvc\MvcEvent))
#13 C:\xampp\htdocs\web-ir\przedszkole\vendor\zendframework\zendframework\library\Zend\EventManager\EventManager.php(207): Zend\EventManager\EventManager->triggerListeners('dispatch', Object(Zend\Mvc\MvcEvent), Object(Closure))
#14 C:\xampp\htdocs\web-ir\przedszkole\vendor\zendframework\zendframework\library\Zend\Mvc\Application.php(313): Zend\EventManager\EventManager->trigger('dispatch', Object(Zend\Mvc\MvcEvent), Object(Closure))
#15 C:\xampp\htdocs\web-ir\przedszkole\public\index.php(17): Zend\Mvc\Application->run()
#16 {main}

Next exception 'Zend\Db\Adapter\Exception\InvalidQueryException' with message 'Statement could not be executed (42S22 - 1054 - Unknown column 'date' in 'field list')' in C:\xampp\htdocs\web-ir\przedszkole\vendor\zendframework\zendframework\library\Zend\Db\Adapter\Driver\Pdo\Statement.php:244
Stack trace:
#0 C:\xampp\htdocs\web-ir\przedszkole\vendor\zendframework\zendframework\library\Zend\Db\TableGateway\AbstractTableGateway.php(291): Zend\Db\Adapter\Driver\Pdo\Statement->execute()
#1 C:\xampp\htdocs\web-ir\przedszkole\vendor\zendframework\zendframework\library\Zend\Db\TableGateway\AbstractTableGateway.php(258): Zend\Db\TableGateway\AbstractTableGateway->executeInsert(Object(Zend\Db\Sql\Insert))
#2 C:\xampp\htdocs\web-ir\przedszkole\vendor\cms-ir\cms-ir\src\CmsIr\Post\src\Post\Model\PostTable.php(52): Zend\Db\TableGateway\AbstractTableGateway->insert(Array)
#3 C:\xampp\htdocs\web-ir\przedszkole\vendor\cms-ir\cms-ir\src\CmsIr\Post\src\Post\Controller\PostController.php(79): CmsIr\Post\Model\PostTable->save(Object(CmsIr\Post\Model\Post))
#4 C:\xampp\htdocs\web-ir\przedszkole\vendor\zendframework\zendframework\library\Zend\Mvc\Controller\AbstractActionController.php(83): CmsIr\Post\Controller\PostController->createPostAction()
#5 [internal function]: Zend\Mvc\Controller\AbstractActionController->onDispatch(Object(Zend\Mvc\MvcEvent))
#6 C:\xampp\htdocs\web-ir\przedszkole\vendor\zendframework\zendframework\library\Zend\EventManager\EventManager.php(468): call_user_func(Array, Object(Zend\Mvc\MvcEvent))
#7 C:\xampp\htdocs\web-ir\przedszkole\vendor\zendframework\zendframework\library\Zend\EventManager\EventManager.php(207): Zend\EventManager\EventManager->triggerListeners('dispatch', Object(Zend\Mvc\MvcEvent), Object(Closure))
#8 C:\xampp\htdocs\web-ir\przedszkole\vendor\zendframework\zendframework\library\Zend\Mvc\Controller\AbstractController.php(116): Zend\EventManager\EventManager->trigger('dispatch', Object(Zend\Mvc\MvcEvent), Object(Closure))
#9 C:\xampp\htdocs\web-ir\przedszkole\vendor\zendframework\zendframework\library\Zend\Mvc\DispatchListener.php(113): Zend\Mvc\Controller\AbstractController->dispatch(Object(Zend\Http\PhpEnvironment\Request), Object(Zend\Http\PhpEnvironment\Response))
#10 [internal function]: Zend\Mvc\DispatchListener->onDispatch(Object(Zend\Mvc\MvcEvent))
#11 C:\xampp\htdocs\web-ir\przedszkole\vendor\zendframework\zendframework\library\Zend\EventManager\EventManager.php(468): call_user_func(Array, Object(Zend\Mvc\MvcEvent))
#12 C:\xampp\htdocs\web-ir\przedszkole\vendor\zendframework\zendframework\library\Zend\EventManager\EventManager.php(207): Zend\EventManager\EventManager->triggerListeners('dispatch', Object(Zend\Mvc\MvcEvent), Object(Closure))
#13 C:\xampp\htdocs\web-ir\przedszkole\vendor\zendframework\zendframework\library\Zend\Mvc\Application.php(313): Zend\EventManager\EventManager->trigger('dispatch', Object(Zend\Mvc\MvcEvent), Object(Closure))
#14 C:\xampp\htdocs\web-ir\przedszkole\public\index.php(17): Zend\Mvc\Application->run()
#15 {main}
2015-03-14T20:03:25+01:00 CRIT (2): exception 'PDOException' with message 'SQLSTATE[42S22]: Column not found: 1054 Unknown column 'date' in 'field list'' in C:\xampp\htdocs\web-ir\przedszkole\vendor\zendframework\zendframework\library\Zend\Db\Adapter\Driver\Pdo\Statement.php:239
Stack trace:
#0 C:\xampp\htdocs\web-ir\przedszkole\vendor\zendframework\zendframework\library\Zend\Db\Adapter\Driver\Pdo\Statement.php(239): PDOStatement->execute()
#1 C:\xampp\htdocs\web-ir\przedszkole\vendor\zendframework\zendframework\library\Zend\Db\TableGateway\AbstractTableGateway.php(291): Zend\Db\Adapter\Driver\Pdo\Statement->execute()
#2 C:\xampp\htdocs\web-ir\przedszkole\vendor\zendframework\zendframework\library\Zend\Db\TableGateway\AbstractTableGateway.php(258): Zend\Db\TableGateway\AbstractTableGateway->executeInsert(Object(Zend\Db\Sql\Insert))
#3 C:\xampp\htdocs\web-ir\przedszkole\vendor\cms-ir\cms-ir\src\CmsIr\Post\src\Post\Model\PostTable.php(52): Zend\Db\TableGateway\AbstractTableGateway->insert(Array)
#4 C:\xampp\htdocs\web-ir\przedszkole\vendor\cms-ir\cms-ir\src\CmsIr\Post\src\Post\Controller\PostController.php(79): CmsIr\Post\Model\PostTable->save(Object(CmsIr\Post\Model\Post))
#5 C:\xampp\htdocs\web-ir\przedszkole\vendor\zendframework\zendframework\library\Zend\Mvc\Controller\AbstractActionController.php(83): CmsIr\Post\Controller\PostController->createPostAction()
#6 [internal function]: Zend\Mvc\Controller\AbstractActionController->onDispatch(Object(Zend\Mvc\MvcEvent))
#7 C:\xampp\htdocs\web-ir\przedszkole\vendor\zendframework\zendframework\library\Zend\EventManager\EventManager.php(468): call_user_func(Array, Object(Zend\Mvc\MvcEvent))
#8 C:\xampp\htdocs\web-ir\przedszkole\vendor\zendframework\zendframework\library\Zend\EventManager\EventManager.php(207): Zend\EventManager\EventManager->triggerListeners('dispatch', Object(Zend\Mvc\MvcEvent), Object(Closure))
#9 C:\xampp\htdocs\web-ir\przedszkole\vendor\zendframework\zendframework\library\Zend\Mvc\Controller\AbstractController.php(116): Zend\EventManager\EventManager->trigger('dispatch', Object(Zend\Mvc\MvcEvent), Object(Closure))
#10 C:\xampp\htdocs\web-ir\przedszkole\vendor\zendframework\zendframework\library\Zend\Mvc\DispatchListener.php(113): Zend\Mvc\Controller\AbstractController->dispatch(Object(Zend\Http\PhpEnvironment\Request), Object(Zend\Http\PhpEnvironment\Response))
#11 [internal function]: Zend\Mvc\DispatchListener->onDispatch(Object(Zend\Mvc\MvcEvent))
#12 C:\xampp\htdocs\web-ir\przedszkole\vendor\zendframework\zendframework\library\Zend\EventManager\EventManager.php(468): call_user_func(Array, Object(Zend\Mvc\MvcEvent))
#13 C:\xampp\htdocs\web-ir\przedszkole\vendor\zendframework\zendframework\library\Zend\EventManager\EventManager.php(207): Zend\EventManager\EventManager->triggerListeners('dispatch', Object(Zend\Mvc\MvcEvent), Object(Closure))
#14 C:\xampp\htdocs\web-ir\przedszkole\vendor\zendframework\zendframework\library\Zend\Mvc\Application.php(313): Zend\EventManager\EventManager->trigger('dispatch', Object(Zend\Mvc\MvcEvent), Object(Closure))
#15 C:\xampp\htdocs\web-ir\przedszkole\public\index.php(17): Zend\Mvc\Application->run()
#16 {main}

Next exception 'Zend\Db\Adapter\Exception\InvalidQueryException' with message 'Statement could not be executed (42S22 - 1054 - Unknown column 'date' in 'field list')' in C:\xampp\htdocs\web-ir\przedszkole\vendor\zendframework\zendframework\library\Zend\Db\Adapter\Driver\Pdo\Statement.php:244
Stack trace:
#0 C:\xampp\htdocs\web-ir\przedszkole\vendor\zendframework\zendframework\library\Zend\Db\TableGateway\AbstractTableGateway.php(291): Zend\Db\Adapter\Driver\Pdo\Statement->execute()
#1 C:\xampp\htdocs\web-ir\przedszkole\vendor\zendframework\zendframework\library\Zend\Db\TableGateway\AbstractTableGateway.php(258): Zend\Db\TableGateway\AbstractTableGateway->executeInsert(Object(Zend\Db\Sql\Insert))
#2 C:\xampp\htdocs\web-ir\przedszkole\vendor\cms-ir\cms-ir\src\CmsIr\Post\src\Post\Model\PostTable.php(52): Zend\Db\TableGateway\AbstractTableGateway->insert(Array)
#3 C:\xampp\htdocs\web-ir\przedszkole\vendor\cms-ir\cms-ir\src\CmsIr\Post\src\Post\Controller\PostController.php(79): CmsIr\Post\Model\PostTable->save(Object(CmsIr\Post\Model\Post))
#4 C:\xampp\htdocs\web-ir\przedszkole\vendor\zendframework\zendframework\library\Zend\Mvc\Controller\AbstractActionController.php(83): CmsIr\Post\Controller\PostController->createPostAction()
#5 [internal function]: Zend\Mvc\Controller\AbstractActionController->onDispatch(Object(Zend\Mvc\MvcEvent))
#6 C:\xampp\htdocs\web-ir\przedszkole\vendor\zendframework\zendframework\library\Zend\EventManager\EventManager.php(468): call_user_func(Array, Object(Zend\Mvc\MvcEvent))
#7 C:\xampp\htdocs\web-ir\przedszkole\vendor\zendframework\zendframework\library\Zend\EventManager\EventManager.php(207): Zend\EventManager\EventManager->triggerListeners('dispatch', Object(Zend\Mvc\MvcEvent), Object(Closure))
#8 C:\xampp\htdocs\web-ir\przedszkole\vendor\zendframework\zendframework\library\Zend\Mvc\Controller\AbstractController.php(116): Zend\EventManager\EventManager->trigger('dispatch', Object(Zend\Mvc\MvcEvent), Object(Closure))
#9 C:\xampp\htdocs\web-ir\przedszkole\vendor\zendframework\zendframework\library\Zend\Mvc\DispatchListener.php(113): Zend\Mvc\Controller\AbstractController->dispatch(Object(Zend\Http\PhpEnvironment\Request), Object(Zend\Http\PhpEnvironment\Response))
#10 [internal function]: Zend\Mvc\DispatchListener->onDispatch(Object(Zend\Mvc\MvcEvent))
#11 C:\xampp\htdocs\web-ir\przedszkole\vendor\zendframework\zendframework\library\Zend\EventManager\EventManager.php(468): call_user_func(Array, Object(Zend\Mvc\MvcEvent))
#12 C:\xampp\htdocs\web-ir\przedszkole\vendor\zendframework\zendframework\library\Zend\EventManager\EventManager.php(207): Zend\EventManager\EventManager->triggerListeners('dispatch', Object(Zend\Mvc\MvcEvent), Object(Closure))
#13 C:\xampp\htdocs\web-ir\przedszkole\vendor\zendframework\zendframework\library\Zend\Mvc\Application.php(313): Zend\EventManager\EventManager->trigger('dispatch', Object(Zend\Mvc\MvcEvent), Object(Closure))
#14 C:\xampp\htdocs\web-ir\przedszkole\public\index.php(17): Zend\Mvc\Application->run()
#15 {main}
2015-03-14T20:04:10+01:00 CRIT (2): exception 'PDOException' with message 'SQLSTATE[42S22]: Column not found: 1054 Unknown column 'date' in 'field list'' in C:\xampp\htdocs\web-ir\przedszkole\vendor\zendframework\zendframework\library\Zend\Db\Adapter\Driver\Pdo\Statement.php:239
Stack trace:
#0 C:\xampp\htdocs\web-ir\przedszkole\vendor\zendframework\zendframework\library\Zend\Db\Adapter\Driver\Pdo\Statement.php(239): PDOStatement->execute()
#1 C:\xampp\htdocs\web-ir\przedszkole\vendor\zendframework\zendframework\library\Zend\Db\TableGateway\AbstractTableGateway.php(291): Zend\Db\Adapter\Driver\Pdo\Statement->execute()
#2 C:\xampp\htdocs\web-ir\przedszkole\vendor\zendframework\zendframework\library\Zend\Db\TableGateway\AbstractTableGateway.php(258): Zend\Db\TableGateway\AbstractTableGateway->executeInsert(Object(Zend\Db\Sql\Insert))
#3 C:\xampp\htdocs\web-ir\przedszkole\vendor\cms-ir\cms-ir\src\CmsIr\Post\src\Post\Model\PostTable.php(52): Zend\Db\TableGateway\AbstractTableGateway->insert(Array)
#4 C:\xampp\htdocs\web-ir\przedszkole\vendor\cms-ir\cms-ir\src\CmsIr\Post\src\Post\Controller\PostController.php(79): CmsIr\Post\Model\PostTable->save(Object(CmsIr\Post\Model\Post))
#5 C:\xampp\htdocs\web-ir\przedszkole\vendor\zendframework\zendframework\library\Zend\Mvc\Controller\AbstractActionController.php(83): CmsIr\Post\Controller\PostController->createPostAction()
#6 [internal function]: Zend\Mvc\Controller\AbstractActionController->onDispatch(Object(Zend\Mvc\MvcEvent))
#7 C:\xampp\htdocs\web-ir\przedszkole\vendor\zendframework\zendframework\library\Zend\EventManager\EventManager.php(468): call_user_func(Array, Object(Zend\Mvc\MvcEvent))
#8 C:\xampp\htdocs\web-ir\przedszkole\vendor\zendframework\zendframework\library\Zend\EventManager\EventManager.php(207): Zend\EventManager\EventManager->triggerListeners('dispatch', Object(Zend\Mvc\MvcEvent), Object(Closure))
#9 C:\xampp\htdocs\web-ir\przedszkole\vendor\zendframework\zendframework\library\Zend\Mvc\Controller\AbstractController.php(116): Zend\EventManager\EventManager->trigger('dispatch', Object(Zend\Mvc\MvcEvent), Object(Closure))
#10 C:\xampp\htdocs\web-ir\przedszkole\vendor\zendframework\zendframework\library\Zend\Mvc\DispatchListener.php(113): Zend\Mvc\Controller\AbstractController->dispatch(Object(Zend\Http\PhpEnvironment\Request), Object(Zend\Http\PhpEnvironment\Response))
#11 [internal function]: Zend\Mvc\DispatchListener->onDispatch(Object(Zend\Mvc\MvcEvent))
#12 C:\xampp\htdocs\web-ir\przedszkole\vendor\zendframework\zendframework\library\Zend\EventManager\EventManager.php(468): call_user_func(Array, Object(Zend\Mvc\MvcEvent))
#13 C:\xampp\htdocs\web-ir\przedszkole\vendor\zendframework\zendframework\library\Zend\EventManager\EventManager.php(207): Zend\EventManager\EventManager->triggerListeners('dispatch', Object(Zend\Mvc\MvcEvent), Object(Closure))
#14 C:\xampp\htdocs\web-ir\przedszkole\vendor\zendframework\zendframework\library\Zend\Mvc\Application.php(313): Zend\EventManager\EventManager->trigger('dispatch', Object(Zend\Mvc\MvcEvent), Object(Closure))
#15 C:\xampp\htdocs\web-ir\przedszkole\public\index.php(17): Zend\Mvc\Application->run()
#16 {main}

Next exception 'Zend\Db\Adapter\Exception\InvalidQueryException' with message 'Statement could not be executed (42S22 - 1054 - Unknown column 'date' in 'field list')' in C:\xampp\htdocs\web-ir\przedszkole\vendor\zendframework\zendframework\library\Zend\Db\Adapter\Driver\Pdo\Statement.php:244
Stack trace:
#0 C:\xampp\htdocs\web-ir\przedszkole\vendor\zendframework\zendframework\library\Zend\Db\TableGateway\AbstractTableGateway.php(291): Zend\Db\Adapter\Driver\Pdo\Statement->execute()
#1 C:\xampp\htdocs\web-ir\przedszkole\vendor\zendframework\zendframework\library\Zend\Db\TableGateway\AbstractTableGateway.php(258): Zend\Db\TableGateway\AbstractTableGateway->executeInsert(Object(Zend\Db\Sql\Insert))
#2 C:\xampp\htdocs\web-ir\przedszkole\vendor\cms-ir\cms-ir\src\CmsIr\Post\src\Post\Model\PostTable.php(52): Zend\Db\TableGateway\AbstractTableGateway->insert(Array)
#3 C:\xampp\htdocs\web-ir\przedszkole\vendor\cms-ir\cms-ir\src\CmsIr\Post\src\Post\Controller\PostController.php(79): CmsIr\Post\Model\PostTable->save(Object(CmsIr\Post\Model\Post))
#4 C:\xampp\htdocs\web-ir\przedszkole\vendor\zendframework\zendframework\library\Zend\Mvc\Controller\AbstractActionController.php(83): CmsIr\Post\Controller\PostController->createPostAction()
#5 [internal function]: Zend\Mvc\Controller\AbstractActionController->onDispatch(Object(Zend\Mvc\MvcEvent))
#6 C:\xampp\htdocs\web-ir\przedszkole\vendor\zendframework\zendframework\library\Zend\EventManager\EventManager.php(468): call_user_func(Array, Object(Zend\Mvc\MvcEvent))
#7 C:\xampp\htdocs\web-ir\przedszkole\vendor\zendframework\zendframework\library\Zend\EventManager\EventManager.php(207): Zend\EventManager\EventManager->triggerListeners('dispatch', Object(Zend\Mvc\MvcEvent), Object(Closure))
#8 C:\xampp\htdocs\web-ir\przedszkole\vendor\zendframework\zendframework\library\Zend\Mvc\Controller\AbstractController.php(116): Zend\EventManager\EventManager->trigger('dispatch', Object(Zend\Mvc\MvcEvent), Object(Closure))
#9 C:\xampp\htdocs\web-ir\przedszkole\vendor\zendframework\zendframework\library\Zend\Mvc\DispatchListener.php(113): Zend\Mvc\Controller\AbstractController->dispatch(Object(Zend\Http\PhpEnvironment\Request), Object(Zend\Http\PhpEnvironment\Response))
#10 [internal function]: Zend\Mvc\DispatchListener->onDispatch(Object(Zend\Mvc\MvcEvent))
#11 C:\xampp\htdocs\web-ir\przedszkole\vendor\zendframework\zendframework\library\Zend\EventManager\EventManager.php(468): call_user_func(Array, Object(Zend\Mvc\MvcEvent))
#12 C:\xampp\htdocs\web-ir\przedszkole\vendor\zendframework\zendframework\library\Zend\EventManager\EventManager.php(207): Zend\EventManager\EventManager->triggerListeners('dispatch', Object(Zend\Mvc\MvcEvent), Object(Closure))
#13 C:\xampp\htdocs\web-ir\przedszkole\vendor\zendframework\zendframework\library\Zend\Mvc\Application.php(313): Zend\EventManager\EventManager->trigger('dispatch', Object(Zend\Mvc\MvcEvent), Object(Closure))
#14 C:\xampp\htdocs\web-ir\przedszkole\public\index.php(17): Zend\Mvc\Application->run()
#15 {main}
2015-03-14T20:04:55+01:00 CRIT (2): exception 'PDOException' with message 'SQLSTATE[42S22]: Column not found: 1054 Unknown column 'date' in 'field list'' in C:\xampp\htdocs\web-ir\przedszkole\vendor\zendframework\zendframework\library\Zend\Db\Adapter\Driver\Pdo\Statement.php:239
Stack trace:
#0 C:\xampp\htdocs\web-ir\przedszkole\vendor\zendframework\zendframework\library\Zend\Db\Adapter\Driver\Pdo\Statement.php(239): PDOStatement->execute()
#1 C:\xampp\htdocs\web-ir\przedszkole\vendor\zendframework\zendframework\library\Zend\Db\TableGateway\AbstractTableGateway.php(291): Zend\Db\Adapter\Driver\Pdo\Statement->execute()
#2 C:\xampp\htdocs\web-ir\przedszkole\vendor\zendframework\zendframework\library\Zend\Db\TableGateway\AbstractTableGateway.php(258): Zend\Db\TableGateway\AbstractTableGateway->executeInsert(Object(Zend\Db\Sql\Insert))
#3 C:\xampp\htdocs\web-ir\przedszkole\vendor\cms-ir\cms-ir\src\CmsIr\Post\src\Post\Model\PostTable.php(52): Zend\Db\TableGateway\AbstractTableGateway->insert(Array)
#4 C:\xampp\htdocs\web-ir\przedszkole\vendor\cms-ir\cms-ir\src\CmsIr\Post\src\Post\Controller\PostController.php(79): CmsIr\Post\Model\PostTable->save(Object(CmsIr\Post\Model\Post))
#5 C:\xampp\htdocs\web-ir\przedszkole\vendor\zendframework\zendframework\library\Zend\Mvc\Controller\AbstractActionController.php(83): CmsIr\Post\Controller\PostController->createPostAction()
#6 [internal function]: Zend\Mvc\Controller\AbstractActionController->onDispatch(Object(Zend\Mvc\MvcEvent))
#7 C:\xampp\htdocs\web-ir\przedszkole\vendor\zendframework\zendframework\library\Zend\EventManager\EventManager.php(468): call_user_func(Array, Object(Zend\Mvc\MvcEvent))
#8 C:\xampp\htdocs\web-ir\przedszkole\vendor\zendframework\zendframework\library\Zend\EventManager\EventManager.php(207): Zend\EventManager\EventManager->triggerListeners('dispatch', Object(Zend\Mvc\MvcEvent), Object(Closure))
#9 C:\xampp\htdocs\web-ir\przedszkole\vendor\zendframework\zendframework\library\Zend\Mvc\Controller\AbstractController.php(116): Zend\EventManager\EventManager->trigger('dispatch', Object(Zend\Mvc\MvcEvent), Object(Closure))
#10 C:\xampp\htdocs\web-ir\przedszkole\vendor\zendframework\zendframework\library\Zend\Mvc\DispatchListener.php(113): Zend\Mvc\Controller\AbstractController->dispatch(Object(Zend\Http\PhpEnvironment\Request), Object(Zend\Http\PhpEnvironment\Response))
#11 [internal function]: Zend\Mvc\DispatchListener->onDispatch(Object(Zend\Mvc\MvcEvent))
#12 C:\xampp\htdocs\web-ir\przedszkole\vendor\zendframework\zendframework\library\Zend\EventManager\EventManager.php(468): call_user_func(Array, Object(Zend\Mvc\MvcEvent))
#13 C:\xampp\htdocs\web-ir\przedszkole\vendor\zendframework\zendframework\library\Zend\EventManager\EventManager.php(207): Zend\EventManager\EventManager->triggerListeners('dispatch', Object(Zend\Mvc\MvcEvent), Object(Closure))
#14 C:\xampp\htdocs\web-ir\przedszkole\vendor\zendframework\zendframework\library\Zend\Mvc\Application.php(313): Zend\EventManager\EventManager->trigger('dispatch', Object(Zend\Mvc\MvcEvent), Object(Closure))
#15 C:\xampp\htdocs\web-ir\przedszkole\public\index.php(17): Zend\Mvc\Application->run()
#16 {main}

Next exception 'Zend\Db\Adapter\Exception\InvalidQueryException' with message 'Statement could not be executed (42S22 - 1054 - Unknown column 'date' in 'field list')' in C:\xampp\htdocs\web-ir\przedszkole\vendor\zendframework\zendframework\library\Zend\Db\Adapter\Driver\Pdo\Statement.php:244
Stack trace:
#0 C:\xampp\htdocs\web-ir\przedszkole\vendor\zendframework\zendframework\library\Zend\Db\TableGateway\AbstractTableGateway.php(291): Zend\Db\Adapter\Driver\Pdo\Statement->execute()
#1 C:\xampp\htdocs\web-ir\przedszkole\vendor\zendframework\zendframework\library\Zend\Db\TableGateway\AbstractTableGateway.php(258): Zend\Db\TableGateway\AbstractTableGateway->executeInsert(Object(Zend\Db\Sql\Insert))
#2 C:\xampp\htdocs\web-ir\przedszkole\vendor\cms-ir\cms-ir\src\CmsIr\Post\src\Post\Model\PostTable.php(52): Zend\Db\TableGateway\AbstractTableGateway->insert(Array)
#3 C:\xampp\htdocs\web-ir\przedszkole\vendor\cms-ir\cms-ir\src\CmsIr\Post\src\Post\Controller\PostController.php(79): CmsIr\Post\Model\PostTable->save(Object(CmsIr\Post\Model\Post))
#4 C:\xampp\htdocs\web-ir\przedszkole\vendor\zendframework\zendframework\library\Zend\Mvc\Controller\AbstractActionController.php(83): CmsIr\Post\Controller\PostController->createPostAction()
#5 [internal function]: Zend\Mvc\Controller\AbstractActionController->onDispatch(Object(Zend\Mvc\MvcEvent))
#6 C:\xampp\htdocs\web-ir\przedszkole\vendor\zendframework\zendframework\library\Zend\EventManager\EventManager.php(468): call_user_func(Array, Object(Zend\Mvc\MvcEvent))
#7 C:\xampp\htdocs\web-ir\przedszkole\vendor\zendframework\zendframework\library\Zend\EventManager\EventManager.php(207): Zend\EventManager\EventManager->triggerListeners('dispatch', Object(Zend\Mvc\MvcEvent), Object(Closure))
#8 C:\xampp\htdocs\web-ir\przedszkole\vendor\zendframework\zendframework\library\Zend\Mvc\Controller\AbstractController.php(116): Zend\EventManager\EventManager->trigger('dispatch', Object(Zend\Mvc\MvcEvent), Object(Closure))
#9 C:\xampp\htdocs\web-ir\przedszkole\vendor\zendframework\zendframework\library\Zend\Mvc\DispatchListener.php(113): Zend\Mvc\Controller\AbstractController->dispatch(Object(Zend\Http\PhpEnvironment\Request), Object(Zend\Http\PhpEnvironment\Response))
#10 [internal function]: Zend\Mvc\DispatchListener->onDispatch(Object(Zend\Mvc\MvcEvent))
#11 C:\xampp\htdocs\web-ir\przedszkole\vendor\zendframework\zendframework\library\Zend\EventManager\EventManager.php(468): call_user_func(Array, Object(Zend\Mvc\MvcEvent))
#12 C:\xampp\htdocs\web-ir\przedszkole\vendor\zendframework\zendframework\library\Zend\EventManager\EventManager.php(207): Zend\EventManager\EventManager->triggerListeners('dispatch', Object(Zend\Mvc\MvcEvent), Object(Closure))
#13 C:\xampp\htdocs\web-ir\przedszkole\vendor\zendframework\zendframework\library\Zend\Mvc\Application.php(313): Zend\EventManager\EventManager->trigger('dispatch', Object(Zend\Mvc\MvcEvent), Object(Closure))
#14 C:\xampp\htdocs\web-ir\przedszkole\public\index.php(17): Zend\Mvc\Application->run()
#15 {main}
2015-03-14T20:06:22+01:00 CRIT (2): exception 'Zend\Mvc\Router\Exception\RuntimeException' with message 'Route with name "post-list" not found' in C:\xampp\htdocs\web-ir\przedszkole\vendor\zendframework\zendframework\library\Zend\Mvc\Router\Http\TreeRouteStack.php:317
Stack trace:
#0 C:\xampp\htdocs\web-ir\przedszkole\vendor\zendframework\zendframework\library\Zend\Mvc\Controller\Plugin\Url.php(99): Zend\Mvc\Router\Http\TreeRouteStack->assemble(Array, Array)
#1 C:\xampp\htdocs\web-ir\przedszkole\vendor\zendframework\zendframework\library\Zend\Mvc\Controller\Plugin\Redirect.php(48): Zend\Mvc\Controller\Plugin\Url->fromRoute('post-list', Array, Array, false)
#2 C:\xampp\htdocs\web-ir\przedszkole\vendor\cms-ir\cms-ir\src\CmsIr\Post\src\Post\Controller\PostController.php(101): Zend\Mvc\Controller\Plugin\Redirect->toRoute('post-list', Array)
#3 C:\xampp\htdocs\web-ir\przedszkole\vendor\zendframework\zendframework\library\Zend\Mvc\Controller\AbstractActionController.php(83): CmsIr\Post\Controller\PostController->createPostAction()
#4 [internal function]: Zend\Mvc\Controller\AbstractActionController->onDispatch(Object(Zend\Mvc\MvcEvent))
#5 C:\xampp\htdocs\web-ir\przedszkole\vendor\zendframework\zendframework\library\Zend\EventManager\EventManager.php(468): call_user_func(Array, Object(Zend\Mvc\MvcEvent))
#6 C:\xampp\htdocs\web-ir\przedszkole\vendor\zendframework\zendframework\library\Zend\EventManager\EventManager.php(207): Zend\EventManager\EventManager->triggerListeners('dispatch', Object(Zend\Mvc\MvcEvent), Object(Closure))
#7 C:\xampp\htdocs\web-ir\przedszkole\vendor\zendframework\zendframework\library\Zend\Mvc\Controller\AbstractController.php(116): Zend\EventManager\EventManager->trigger('dispatch', Object(Zend\Mvc\MvcEvent), Object(Closure))
#8 C:\xampp\htdocs\web-ir\przedszkole\vendor\zendframework\zendframework\library\Zend\Mvc\DispatchListener.php(113): Zend\Mvc\Controller\AbstractController->dispatch(Object(Zend\Http\PhpEnvironment\Request), Object(Zend\Http\PhpEnvironment\Response))
#9 [internal function]: Zend\Mvc\DispatchListener->onDispatch(Object(Zend\Mvc\MvcEvent))
#10 C:\xampp\htdocs\web-ir\przedszkole\vendor\zendframework\zendframework\library\Zend\EventManager\EventManager.php(468): call_user_func(Array, Object(Zend\Mvc\MvcEvent))
#11 C:\xampp\htdocs\web-ir\przedszkole\vendor\zendframework\zendframework\library\Zend\EventManager\EventManager.php(207): Zend\EventManager\EventManager->triggerListeners('dispatch', Object(Zend\Mvc\MvcEvent), Object(Closure))
#12 C:\xampp\htdocs\web-ir\przedszkole\vendor\zendframework\zendframework\library\Zend\Mvc\Application.php(313): Zend\EventManager\EventManager->trigger('dispatch', Object(Zend\Mvc\MvcEvent), Object(Closure))
#13 C:\xampp\htdocs\web-ir\przedszkole\public\index.php(17): Zend\Mvc\Application->run()
#14 {main}
2015-03-14T20:07:29+01:00 CRIT (2): exception 'Zend\Mvc\Router\Exception\RuntimeException' with message 'Route with name "post-list" not found' in C:\xampp\htdocs\web-ir\przedszkole\vendor\zendframework\zendframework\library\Zend\Mvc\Router\Http\TreeRouteStack.php:317
Stack trace:
#0 C:\xampp\htdocs\web-ir\przedszkole\vendor\zendframework\zendframework\library\Zend\Mvc\Controller\Plugin\Url.php(99): Zend\Mvc\Router\Http\TreeRouteStack->assemble(Array, Array)
#1 C:\xampp\htdocs\web-ir\przedszkole\vendor\zendframework\zendframework\library\Zend\Mvc\Controller\Plugin\Redirect.php(48): Zend\Mvc\Controller\Plugin\Url->fromRoute('post-list', Array, Array, false)
#2 C:\xampp\htdocs\web-ir\przedszkole\vendor\cms-ir\cms-ir\src\CmsIr\Post\src\Post\Controller\PostController.php(101): Zend\Mvc\Controller\Plugin\Redirect->toRoute('post-list', Array)
#3 C:\xampp\htdocs\web-ir\przedszkole\vendor\zendframework\zendframework\library\Zend\Mvc\Controller\AbstractActionController.php(83): CmsIr\Post\Controller\PostController->createPostAction()
#4 [internal function]: Zend\Mvc\Controller\AbstractActionController->onDispatch(Object(Zend\Mvc\MvcEvent))
#5 C:\xampp\htdocs\web-ir\przedszkole\vendor\zendframework\zendframework\library\Zend\EventManager\EventManager.php(468): call_user_func(Array, Object(Zend\Mvc\MvcEvent))
#6 C:\xampp\htdocs\web-ir\przedszkole\vendor\zendframework\zendframework\library\Zend\EventManager\EventManager.php(207): Zend\EventManager\EventManager->triggerListeners('dispatch', Object(Zend\Mvc\MvcEvent), Object(Closure))
#7 C:\xampp\htdocs\web-ir\przedszkole\vendor\zendframework\zendframework\library\Zend\Mvc\Controller\AbstractController.php(116): Zend\EventManager\EventManager->trigger('dispatch', Object(Zend\Mvc\MvcEvent), Object(Closure))
#8 C:\xampp\htdocs\web-ir\przedszkole\vendor\zendframework\zendframework\library\Zend\Mvc\DispatchListener.php(113): Zend\Mvc\Controller\AbstractController->dispatch(Object(Zend\Http\PhpEnvironment\Request), Object(Zend\Http\PhpEnvironment\Response))
#9 [internal function]: Zend\Mvc\DispatchListener->onDispatch(Object(Zend\Mvc\MvcEvent))
#10 C:\xampp\htdocs\web-ir\przedszkole\vendor\zendframework\zendframework\library\Zend\EventManager\EventManager.php(468): call_user_func(Array, Object(Zend\Mvc\MvcEvent))
#11 C:\xampp\htdocs\web-ir\przedszkole\vendor\zendframework\zendframework\library\Zend\EventManager\EventManager.php(207): Zend\EventManager\EventManager->triggerListeners('dispatch', Object(Zend\Mvc\MvcEvent), Object(Closure))
#12 C:\xampp\htdocs\web-ir\przedszkole\vendor\zendframework\zendframework\library\Zend\Mvc\Application.php(313): Zend\EventManager\EventManager->trigger('dispatch', Object(Zend\Mvc\MvcEvent), Object(Closure))
#13 C:\xampp\htdocs\web-ir\przedszkole\public\index.php(17): Zend\Mvc\Application->run()
#14 {main}
2015-03-14T20:08:27+01:00 CRIT (2): exception 'Zend\Mvc\Router\Exception\RuntimeException' with message 'Route with name "post-list" not found' in C:\xampp\htdocs\web-ir\przedszkole\vendor\zendframework\zendframework\library\Zend\Mvc\Router\Http\TreeRouteStack.php:317
Stack trace:
#0 C:\xampp\htdocs\web-ir\przedszkole\vendor\zendframework\zendframework\library\Zend\Mvc\Controller\Plugin\Url.php(99): Zend\Mvc\Router\Http\TreeRouteStack->assemble(Array, Array)
#1 C:\xampp\htdocs\web-ir\przedszkole\vendor\zendframework\zendframework\library\Zend\Mvc\Controller\Plugin\Redirect.php(48): Zend\Mvc\Controller\Plugin\Url->fromRoute('post-list', Array, Array, false)
#2 C:\xampp\htdocs\web-ir\przedszkole\vendor\cms-ir\cms-ir\src\CmsIr\Post\src\Post\Controller\PostController.php(100): Zend\Mvc\Controller\Plugin\Redirect->toRoute('post-list', Array)
#3 C:\xampp\htdocs\web-ir\przedszkole\vendor\zendframework\zendframework\library\Zend\Mvc\Controller\AbstractActionController.php(83): CmsIr\Post\Controller\PostController->createPostAction()
#4 [internal function]: Zend\Mvc\Controller\AbstractActionController->onDispatch(Object(Zend\Mvc\MvcEvent))
#5 C:\xampp\htdocs\web-ir\przedszkole\vendor\zendframework\zendframework\library\Zend\EventManager\EventManager.php(468): call_user_func(Array, Object(Zend\Mvc\MvcEvent))
#6 C:\xampp\htdocs\web-ir\przedszkole\vendor\zendframework\zendframework\library\Zend\EventManager\EventManager.php(207): Zend\EventManager\EventManager->triggerListeners('dispatch', Object(Zend\Mvc\MvcEvent), Object(Closure))
#7 C:\xampp\htdocs\web-ir\przedszkole\vendor\zendframework\zendframework\library\Zend\Mvc\Controller\AbstractController.php(116): Zend\EventManager\EventManager->trigger('dispatch', Object(Zend\Mvc\MvcEvent), Object(Closure))
#8 C:\xampp\htdocs\web-ir\przedszkole\vendor\zendframework\zendframework\library\Zend\Mvc\DispatchListener.php(113): Zend\Mvc\Controller\AbstractController->dispatch(Object(Zend\Http\PhpEnvironment\Request), Object(Zend\Http\PhpEnvironment\Response))
#9 [internal function]: Zend\Mvc\DispatchListener->onDispatch(Object(Zend\Mvc\MvcEvent))
#10 C:\xampp\htdocs\web-ir\przedszkole\vendor\zendframework\zendframework\library\Zend\EventManager\EventManager.php(468): call_user_func(Array, Object(Zend\Mvc\MvcEvent))
#11 C:\xampp\htdocs\web-ir\przedszkole\vendor\zendframework\zendframework\library\Zend\EventManager\EventManager.php(207): Zend\EventManager\EventManager->triggerListeners('dispatch', Object(Zend\Mvc\MvcEvent), Object(Closure))
#12 C:\xampp\htdocs\web-ir\przedszkole\vendor\zendframework\zendframework\library\Zend\Mvc\Application.php(313): Zend\EventManager\EventManager->trigger('dispatch', Object(Zend\Mvc\MvcEvent), Object(Closure))
#13 C:\xampp\htdocs\web-ir\przedszkole\public\index.php(17): Zend\Mvc\Application->run()
#14 {main}
2015-03-14T20:09:02+01:00 CRIT (2): exception 'Zend\Mvc\Router\Exception\RuntimeException' with message 'Route with name "post-list" not found' in C:\xampp\htdocs\web-ir\przedszkole\vendor\zendframework\zendframework\library\Zend\Mvc\Router\Http\TreeRouteStack.php:317
Stack trace:
#0 C:\xampp\htdocs\web-ir\przedszkole\vendor\zendframework\zendframework\library\Zend\Mvc\Controller\Plugin\Url.php(99): Zend\Mvc\Router\Http\TreeRouteStack->assemble(Array, Array)
#1 C:\xampp\htdocs\web-ir\przedszkole\vendor\zendframework\zendframework\library\Zend\Mvc\Controller\Plugin\Redirect.php(48): Zend\Mvc\Controller\Plugin\Url->fromRoute('post-list', Array, Array, false)
#2 C:\xampp\htdocs\web-ir\przedszkole\vendor\cms-ir\cms-ir\src\CmsIr\Post\src\Post\Controller\PostController.php(100): Zend\Mvc\Controller\Plugin\Redirect->toRoute('post-list', Array)
#3 C:\xampp\htdocs\web-ir\przedszkole\vendor\zendframework\zendframework\library\Zend\Mvc\Controller\AbstractActionController.php(83): CmsIr\Post\Controller\PostController->createPostAction()
#4 [internal function]: Zend\Mvc\Controller\AbstractActionController->onDispatch(Object(Zend\Mvc\MvcEvent))
#5 C:\xampp\htdocs\web-ir\przedszkole\vendor\zendframework\zendframework\library\Zend\EventManager\EventManager.php(468): call_user_func(Array, Object(Zend\Mvc\MvcEvent))
#6 C:\xampp\htdocs\web-ir\przedszkole\vendor\zendframework\zendframework\library\Zend\EventManager\EventManager.php(207): Zend\EventManager\EventManager->triggerListeners('dispatch', Object(Zend\Mvc\MvcEvent), Object(Closure))
#7 C:\xampp\htdocs\web-ir\przedszkole\vendor\zendframework\zendframework\library\Zend\Mvc\Controller\AbstractController.php(116): Zend\EventManager\EventManager->trigger('dispatch', Object(Zend\Mvc\MvcEvent), Object(Closure))
#8 C:\xampp\htdocs\web-ir\przedszkole\vendor\zendframework\zendframework\library\Zend\Mvc\DispatchListener.php(113): Zend\Mvc\Controller\AbstractController->dispatch(Object(Zend\Http\PhpEnvironment\Request), Object(Zend\Http\PhpEnvironment\Response))
#9 [internal function]: Zend\Mvc\DispatchListener->onDispatch(Object(Zend\Mvc\MvcEvent))
#10 C:\xampp\htdocs\web-ir\przedszkole\vendor\zendframework\zendframework\library\Zend\EventManager\EventManager.php(468): call_user_func(Array, Object(Zend\Mvc\MvcEvent))
#11 C:\xampp\htdocs\web-ir\przedszkole\vendor\zendframework\zendframework\library\Zend\EventManager\EventManager.php(207): Zend\EventManager\EventManager->triggerListeners('dispatch', Object(Zend\Mvc\MvcEvent), Object(Closure))
#12 C:\xampp\htdocs\web-ir\przedszkole\vendor\zendframework\zendframework\library\Zend\Mvc\Application.php(313): Zend\EventManager\EventManager->trigger('dispatch', Object(Zend\Mvc\MvcEvent), Object(Closure))
#13 C:\xampp\htdocs\web-ir\przedszkole\public\index.php(17): Zend\Mvc\Application->run()
#14 {main}
2015-03-14T20:10:28+01:00 CRIT (2): exception 'Zend\Mvc\Router\Exception\RuntimeException' with message 'Route with name "post-list" not found' in C:\xampp\htdocs\web-ir\przedszkole\vendor\zendframework\zendframework\library\Zend\Mvc\Router\Http\TreeRouteStack.php:317
Stack trace:
#0 C:\xampp\htdocs\web-ir\przedszkole\vendor\zendframework\zendframework\library\Zend\View\Helper\Url.php(100): Zend\Mvc\Router\Http\TreeRouteStack->assemble(Array, Array)
#1 [internal function]: Zend\View\Helper\Url->__invoke('post-list', Array)
#2 C:\xampp\htdocs\web-ir\przedszkole\vendor\zendframework\zendframework\library\Zend\View\Renderer\PhpRenderer.php(399): call_user_func_array(Object(Zend\View\Helper\Url), Array)
#3 C:\xampp\htdocs\web-ir\przedszkole\vendor\cms-ir\cms-ir\src\CmsIr\Post\view\cms-ir\post\preview-post.phtml(54): Zend\View\Renderer\PhpRenderer->__call('url', Array)
#4 C:\xampp\htdocs\web-ir\przedszkole\vendor\cms-ir\cms-ir\src\CmsIr\Post\view\cms-ir\post\preview-post.phtml(54): Zend\View\Renderer\PhpRenderer->url('post-list', Array)
#5 C:\xampp\htdocs\web-ir\przedszkole\vendor\zendframework\zendframework\library\Zend\View\Renderer\PhpRenderer.php(506): include('C:\xampp\htdocs...')
#6 C:\xampp\htdocs\web-ir\przedszkole\vendor\zendframework\zendframework\library\Zend\View\View.php(205): Zend\View\Renderer\PhpRenderer->render(Object(Zend\View\Model\ViewModel))
#7 C:\xampp\htdocs\web-ir\przedszkole\vendor\zendframework\zendframework\library\Zend\View\View.php(233): Zend\View\View->render(Object(Zend\View\Model\ViewModel))
#8 C:\xampp\htdocs\web-ir\przedszkole\vendor\zendframework\zendframework\library\Zend\View\View.php(198): Zend\View\View->renderChildren(Object(Zend\View\Model\ViewModel))
#9 C:\xampp\htdocs\web-ir\przedszkole\vendor\zendframework\zendframework\library\Zend\Mvc\View\Http\DefaultRenderingStrategy.php(103): Zend\View\View->render(Object(Zend\View\Model\ViewModel))
#10 [internal function]: Zend\Mvc\View\Http\DefaultRenderingStrategy->render(Object(Zend\Mvc\MvcEvent))
#11 C:\xampp\htdocs\web-ir\przedszkole\vendor\zendframework\zendframework\library\Zend\EventManager\EventManager.php(468): call_user_func(Array, Object(Zend\Mvc\MvcEvent))
#12 C:\xampp\htdocs\web-ir\przedszkole\vendor\zendframework\zendframework\library\Zend\EventManager\EventManager.php(207): Zend\EventManager\EventManager->triggerListeners('render', Object(Zend\Mvc\MvcEvent), Array)
#13 C:\xampp\htdocs\web-ir\przedszkole\vendor\zendframework\zendframework\library\Zend\Mvc\Application.php(352): Zend\EventManager\EventManager->trigger('render', Object(Zend\Mvc\MvcEvent))
#14 C:\xampp\htdocs\web-ir\przedszkole\vendor\zendframework\zendframework\library\Zend\Mvc\Application.php(327): Zend\Mvc\Application->completeRequest(Object(Zend\Mvc\MvcEvent))
#15 C:\xampp\htdocs\web-ir\przedszkole\public\index.php(17): Zend\Mvc\Application->run()
#16 {main}
2015-03-14T20:12:36+01:00 CRIT (2): exception 'Zend\Mvc\Router\Exception\RuntimeException' with message 'Route with name "post-list" not found' in C:\xampp\htdocs\web-ir\przedszkole\vendor\zendframework\zendframework\library\Zend\Mvc\Router\Http\TreeRouteStack.php:317
Stack trace:
#0 C:\xampp\htdocs\web-ir\przedszkole\vendor\zendframework\zendframework\library\Zend\View\Helper\Url.php(100): Zend\Mvc\Router\Http\TreeRouteStack->assemble(Array, Array)
#1 [internal function]: Zend\View\Helper\Url->__invoke('post-list', Array)
#2 C:\xampp\htdocs\web-ir\przedszkole\vendor\zendframework\zendframework\library\Zend\View\Renderer\PhpRenderer.php(399): call_user_func_array(Object(Zend\View\Helper\Url), Array)
#3 C:\xampp\htdocs\web-ir\przedszkole\vendor\cms-ir\cms-ir\src\CmsIr\Post\view\cms-ir\post\preview-post.phtml(54): Zend\View\Renderer\PhpRenderer->__call('url', Array)
#4 C:\xampp\htdocs\web-ir\przedszkole\vendor\cms-ir\cms-ir\src\CmsIr\Post\view\cms-ir\post\preview-post.phtml(54): Zend\View\Renderer\PhpRenderer->url('post-list', Array)
#5 C:\xampp\htdocs\web-ir\przedszkole\vendor\zendframework\zendframework\library\Zend\View\Renderer\PhpRenderer.php(506): include('C:\xampp\htdocs...')
#6 C:\xampp\htdocs\web-ir\przedszkole\vendor\zendframework\zendframework\library\Zend\View\View.php(205): Zend\View\Renderer\PhpRenderer->render(Object(Zend\View\Model\ViewModel))
#7 C:\xampp\htdocs\web-ir\przedszkole\vendor\zendframework\zendframework\library\Zend\View\View.php(233): Zend\View\View->render(Object(Zend\View\Model\ViewModel))
#8 C:\xampp\htdocs\web-ir\przedszkole\vendor\zendframework\zendframework\library\Zend\View\View.php(198): Zend\View\View->renderChildren(Object(Zend\View\Model\ViewModel))
#9 C:\xampp\htdocs\web-ir\przedszkole\vendor\zendframework\zendframework\library\Zend\Mvc\View\Http\DefaultRenderingStrategy.php(103): Zend\View\View->render(Object(Zend\View\Model\ViewModel))
#10 [internal function]: Zend\Mvc\View\Http\DefaultRenderingStrategy->render(Object(Zend\Mvc\MvcEvent))
#11 C:\xampp\htdocs\web-ir\przedszkole\vendor\zendframework\zendframework\library\Zend\EventManager\EventManager.php(468): call_user_func(Array, Object(Zend\Mvc\MvcEvent))
#12 C:\xampp\htdocs\web-ir\przedszkole\vendor\zendframework\zendframework\library\Zend\EventManager\EventManager.php(207): Zend\EventManager\EventManager->triggerListeners('render', Object(Zend\Mvc\MvcEvent), Array)
#13 C:\xampp\htdocs\web-ir\przedszkole\vendor\zendframework\zendframework\library\Zend\Mvc\Application.php(352): Zend\EventManager\EventManager->trigger('render', Object(Zend\Mvc\MvcEvent))
#14 C:\xampp\htdocs\web-ir\przedszkole\vendor\zendframework\zendframework\library\Zend\Mvc\Application.php(327): Zend\Mvc\Application->completeRequest(Object(Zend\Mvc\MvcEvent))
#15 C:\xampp\htdocs\web-ir\przedszkole\public\index.php(17): Zend\Mvc\Application->run()
#16 {main}
