2015-03-23T18:51:50+01:00 CRIT (2): exception 'Zend\View\Exception\RuntimeException' with message 'Zend\View\Renderer\PhpRenderer::render: Unable to render template "partial/page/slider"; resolver could not resolve to a file' in I:\przedszkole\vendor\zendframework\zendframework\library\Zend\View\Renderer\PhpRenderer.php:498
Stack trace:
#0 I:\przedszkole\vendor\zendframework\zendframework\library\Zend\View\Helper\Partial.php(61): Zend\View\Renderer\PhpRenderer->render('partial/page/sl...', Array)
#1 [internal function]: Zend\View\Helper\Partial->__invoke('partial/page/sl...', Array)
#2 I:\przedszkole\vendor\zendframework\zendframework\library\Zend\View\Renderer\PhpRenderer.php(399): call_user_func_array(Object(Zend\View\Helper\Partial), Array)
#3 I:\przedszkole\module\Page\view\page\page\home.phtml(4): Zend\View\Renderer\PhpRenderer->__call('partial', Array)
#4 I:\przedszkole\module\Page\view\page\page\home.phtml(4): Zend\View\Renderer\PhpRenderer->partial('partial/page/sl...', Array)
#5 I:\przedszkole\vendor\zendframework\zendframework\library\Zend\View\Renderer\PhpRenderer.php(506): include('I:\\przedszkole\\...')
#6 I:\przedszkole\vendor\zendframework\zendframework\library\Zend\View\View.php(205): Zend\View\Renderer\PhpRenderer->render(Object(Zend\View\Model\ViewModel))
#7 I:\przedszkole\vendor\zendframework\zendframework\library\Zend\View\View.php(233): Zend\View\View->render(Object(Zend\View\Model\ViewModel))
#8 I:\przedszkole\vendor\zendframework\zendframework\library\Zend\View\View.php(198): Zend\View\View->renderChildren(Object(Zend\View\Model\ViewModel))
#9 I:\przedszkole\vendor\zendframework\zendframework\library\Zend\Mvc\View\Http\DefaultRenderingStrategy.php(103): Zend\View\View->render(Object(Zend\View\Model\ViewModel))
#10 [internal function]: Zend\Mvc\View\Http\DefaultRenderingStrategy->render(Object(Zend\Mvc\MvcEvent))
#11 I:\przedszkole\vendor\zendframework\zendframework\library\Zend\EventManager\EventManager.php(468): call_user_func(Array, Object(Zend\Mvc\MvcEvent))
#12 I:\przedszkole\vendor\zendframework\zendframework\library\Zend\EventManager\EventManager.php(207): Zend\EventManager\EventManager->triggerListeners('render', Object(Zend\Mvc\MvcEvent), Array)
#13 I:\przedszkole\vendor\zendframework\zendframework\library\Zend\Mvc\Application.php(352): Zend\EventManager\EventManager->trigger('render', Object(Zend\Mvc\MvcEvent))
#14 I:\przedszkole\vendor\zendframework\zendframework\library\Zend\Mvc\Application.php(327): Zend\Mvc\Application->completeRequest(Object(Zend\Mvc\MvcEvent))
#15 I:\przedszkole\public\index.php(17): Zend\Mvc\Application->run()
#16 {main}
2015-03-23T18:56:44+01:00 CRIT (2): exception 'Zend\View\Exception\RuntimeException' with message 'Zend\View\Renderer\PhpRenderer::render: Unable to render template "partial/layout/footer-about"; resolver could not resolve to a file' in I:\przedszkole\vendor\zendframework\zendframework\library\Zend\View\Renderer\PhpRenderer.php:498
Stack trace:
#0 I:\przedszkole\vendor\zendframework\zendframework\library\Zend\View\Helper\Partial.php(61): Zend\View\Renderer\PhpRenderer->render('partial/layout/...', NULL)
#1 [internal function]: Zend\View\Helper\Partial->__invoke('partial/layout/...')
#2 I:\przedszkole\vendor\zendframework\zendframework\library\Zend\View\Renderer\PhpRenderer.php(399): call_user_func_array(Object(Zend\View\Helper\Partial), Array)
#3 I:\przedszkole\module\Page\view\partial\layout\footer.phtml(5): Zend\View\Renderer\PhpRenderer->__call('partial', Array)
#4 I:\przedszkole\module\Page\view\partial\layout\footer.phtml(5): Zend\View\Renderer\PhpRenderer->partial('partial/layout/...')
#5 I:\przedszkole\vendor\zendframework\zendframework\library\Zend\View\Renderer\PhpRenderer.php(506): include('I:\\przedszkole\\...')
#6 I:\przedszkole\vendor\zendframework\zendframework\library\Zend\View\Helper\Partial.php(61): Zend\View\Renderer\PhpRenderer->render('partial/layout/...', NULL)
#7 [internal function]: Zend\View\Helper\Partial->__invoke('partial/layout/...')
#8 I:\przedszkole\vendor\zendframework\zendframework\library\Zend\View\Renderer\PhpRenderer.php(399): call_user_func_array(Object(Zend\View\Helper\Partial), Array)
#9 I:\przedszkole\module\Page\view\layout\home.phtml(36): Zend\View\Renderer\PhpRenderer->__call('partial', Array)
#10 I:\przedszkole\module\Page\view\layout\home.phtml(36): Zend\View\Renderer\PhpRenderer->partial('partial/layout/...')
#11 I:\przedszkole\vendor\zendframework\zendframework\library\Zend\View\Renderer\PhpRenderer.php(506): include('I:\\przedszkole\\...')
#12 I:\przedszkole\vendor\zendframework\zendframework\library\Zend\View\View.php(205): Zend\View\Renderer\PhpRenderer->render(Object(Zend\View\Model\ViewModel))
#13 I:\przedszkole\vendor\zendframework\zendframework\library\Zend\Mvc\View\Http\DefaultRenderingStrategy.php(103): Zend\View\View->render(Object(Zend\View\Model\ViewModel))
#14 [internal function]: Zend\Mvc\View\Http\DefaultRenderingStrategy->render(Object(Zend\Mvc\MvcEvent))
#15 I:\przedszkole\vendor\zendframework\zendframework\library\Zend\EventManager\EventManager.php(468): call_user_func(Array, Object(Zend\Mvc\MvcEvent))
#16 I:\przedszkole\vendor\zendframework\zendframework\library\Zend\EventManager\EventManager.php(207): Zend\EventManager\EventManager->triggerListeners('render', Object(Zend\Mvc\MvcEvent), Array)
#17 I:\przedszkole\vendor\zendframework\zendframework\library\Zend\Mvc\Application.php(352): Zend\EventManager\EventManager->trigger('render', Object(Zend\Mvc\MvcEvent))
#18 I:\przedszkole\vendor\zendframework\zendframework\library\Zend\Mvc\Application.php(327): Zend\Mvc\Application->completeRequest(Object(Zend\Mvc\MvcEvent))
#19 I:\przedszkole\public\index.php(17): Zend\Mvc\Application->run()
#20 {main}
